{"/Users/jiang/development/claudphone/electron_app/src/bot/formatters/chat.ts": {"path":"/Users/jiang/development/claudphone/electron_app/src/bot/formatters/chat.ts","statementMap":{"0":{"start":{"line":16,"column":23},"end":{"line":16,"column":null}},"1":{"start":{"line":17,"column":21},"end":{"line":17,"column":null}},"2":{"start":{"line":30,"column":2},"end":{"line":55,"column":null}},"3":{"start":{"line":32,"column":6},"end":{"line":32,"column":null}},"4":{"start":{"line":35,"column":6},"end":{"line":35,"column":null}},"5":{"start":{"line":38,"column":6},"end":{"line":38,"column":null}},"6":{"start":{"line":41,"column":6},"end":{"line":41,"column":null}},"7":{"start":{"line":44,"column":6},"end":{"line":44,"column":null}},"8":{"start":{"line":47,"column":6},"end":{"line":47,"column":null}},"9":{"start":{"line":50,"column":6},"end":{"line":50,"column":null}},"10":{"start":{"line":54,"column":6},"end":{"line":54,"column":null}},"11":{"start":{"line":62,"column":2},"end":{"line":62,"column":null}},"12":{"start":{"line":62,"column":35},"end":{"line":62,"column":null}},"13":{"start":{"line":64,"column":2},"end":{"line":66,"column":null}},"14":{"start":{"line":65,"column":4},"end":{"line":65,"column":null}},"15":{"start":{"line":68,"column":2},"end":{"line":68,"column":null}},"16":{"start":{"line":75,"column":2},"end":{"line":75,"column":null}},"17":{"start":{"line":75,"column":36},"end":{"line":75,"column":null}},"18":{"start":{"line":77,"column":15},"end":{"line":77,"column":null}},"19":{"start":{"line":80,"column":2},"end":{"line":82,"column":null}},"20":{"start":{"line":81,"column":4},"end":{"line":81,"column":null}},"21":{"start":{"line":85,"column":2},"end":{"line":85,"column":null}},"22":{"start":{"line":88,"column":2},"end":{"line":96,"column":null}},"23":{"start":{"line":89,"column":4},"end":{"line":89,"column":null}},"24":{"start":{"line":90,"column":4},"end":{"line":92,"column":null}},"25":{"start":{"line":91,"column":6},"end":{"line":91,"column":null}},"26":{"start":{"line":93,"column":4},"end":{"line":95,"column":null}},"27":{"start":{"line":94,"column":6},"end":{"line":94,"column":null}},"28":{"start":{"line":98,"column":2},"end":{"line":100,"column":null}},"29":{"start":{"line":99,"column":4},"end":{"line":99,"column":null}},"30":{"start":{"line":102,"column":2},"end":{"line":102,"column":null}},"31":{"start":{"line":109,"column":2},"end":{"line":109,"column":null}},"32":{"start":{"line":109,"column":35},"end":{"line":109,"column":null}},"33":{"start":{"line":111,"column":15},"end":{"line":111,"column":null}},"34":{"start":{"line":112,"column":15},"end":{"line":112,"column":null}},"35":{"start":{"line":115,"column":2},"end":{"line":115,"column":null}},"36":{"start":{"line":118,"column":2},"end":{"line":126,"column":null}},"37":{"start":{"line":119,"column":21},"end":{"line":120,"column":null}},"38":{"start":{"line":121,"column":4},"end":{"line":121,"column":null}},"39":{"start":{"line":122,"column":2},"end":{"line":126,"column":null}},"40":{"start":{"line":123,"column":4},"end":{"line":123,"column":null}},"41":{"start":{"line":124,"column":2},"end":{"line":126,"column":null}},"42":{"start":{"line":125,"column":4},"end":{"line":125,"column":null}},"43":{"start":{"line":129,"column":2},"end":{"line":133,"column":null}},"44":{"start":{"line":130,"column":4},"end":{"line":130,"column":null}},"45":{"start":{"line":131,"column":4},"end":{"line":131,"column":null}},"46":{"start":{"line":132,"column":4},"end":{"line":132,"column":null}},"47":{"start":{"line":135,"column":2},"end":{"line":135,"column":null}},"48":{"start":{"line":142,"column":2},"end":{"line":142,"column":null}},"49":{"start":{"line":142,"column":37},"end":{"line":142,"column":null}},"50":{"start":{"line":144,"column":15},"end":{"line":144,"column":null}},"51":{"start":{"line":146,"column":2},"end":{"line":152,"column":null}},"52":{"start":{"line":147,"column":4},"end":{"line":147,"column":null}},"53":{"start":{"line":148,"column":4},"end":{"line":148,"column":null}},"54":{"start":{"line":150,"column":4},"end":{"line":150,"column":null}},"55":{"start":{"line":151,"column":4},"end":{"line":151,"column":null}},"56":{"start":{"line":155,"column":2},"end":{"line":157,"column":null}},"57":{"start":{"line":156,"column":4},"end":{"line":156,"column":null}},"58":{"start":{"line":160,"column":2},"end":{"line":169,"column":null}},"59":{"start":{"line":161,"column":22},"end":{"line":161,"column":null}},"60":{"start":{"line":162,"column":22},"end":{"line":162,"column":null}},"61":{"start":{"line":163,"column":4},"end":{"line":168,"column":null}},"62":{"start":{"line":164,"column":6},"end":{"line":164,"column":null}},"63":{"start":{"line":165,"column":6},"end":{"line":165,"column":null}},"64":{"start":{"line":166,"column":6},"end":{"line":166,"column":null}},"65":{"start":{"line":167,"column":6},"end":{"line":167,"column":null}},"66":{"start":{"line":171,"column":2},"end":{"line":171,"column":null}},"67":{"start":{"line":178,"column":2},"end":{"line":178,"column":null}},"68":{"start":{"line":178,"column":37},"end":{"line":178,"column":null}},"69":{"start":{"line":180,"column":15},"end":{"line":180,"column":null}},"70":{"start":{"line":181,"column":13},"end":{"line":181,"column":null}},"71":{"start":{"line":182,"column":2},"end":{"line":182,"column":null}},"72":{"start":{"line":185,"column":16},"end":{"line":185,"column":null}},"73":{"start":{"line":186,"column":20},"end":{"line":186,"column":null}},"74":{"start":{"line":187,"column":21},"end":{"line":188,"column":null}},"75":{"start":{"line":189,"column":2},"end":{"line":189,"column":null}},"76":{"start":{"line":192,"column":2},"end":{"line":197,"column":null}},"77":{"start":{"line":193,"column":4},"end":{"line":193,"column":null}},"78":{"start":{"line":194,"column":4},"end":{"line":196,"column":null}},"79":{"start":{"line":195,"column":6},"end":{"line":195,"column":null}},"80":{"start":{"line":200,"column":2},"end":{"line":206,"column":null}},"81":{"start":{"line":201,"column":4},"end":{"line":201,"column":null}},"82":{"start":{"line":202,"column":2},"end":{"line":206,"column":null}},"83":{"start":{"line":203,"column":4},"end":{"line":203,"column":null}},"84":{"start":{"line":204,"column":2},"end":{"line":206,"column":null}},"85":{"start":{"line":205,"column":4},"end":{"line":205,"column":null}},"86":{"start":{"line":208,"column":2},"end":{"line":208,"column":null}},"87":{"start":{"line":216,"column":2},"end":{"line":216,"column":null}},"88":{"start":{"line":216,"column":32},"end":{"line":216,"column":null}},"89":{"start":{"line":218,"column":16},"end":{"line":218,"column":null}},"90":{"start":{"line":220,"column":2},"end":{"line":236,"column":null}},"91":{"start":{"line":222,"column":6},"end":{"line":222,"column":null}},"92":{"start":{"line":224,"column":6},"end":{"line":224,"column":null}},"93":{"start":{"line":226,"column":6},"end":{"line":226,"column":null}},"94":{"start":{"line":228,"column":6},"end":{"line":228,"column":null}},"95":{"start":{"line":230,"column":6},"end":{"line":230,"column":null}},"96":{"start":{"line":232,"column":6},"end":{"line":234,"column":null}},"97":{"start":{"line":233,"column":8},"end":{"line":233,"column":null}},"98":{"start":{"line":235,"column":6},"end":{"line":235,"column":null}},"99":{"start":{"line":243,"column":2},"end":{"line":243,"column":null}},"100":{"start":{"line":243,"column":32},"end":{"line":243,"column":null}},"101":{"start":{"line":245,"column":15},"end":{"line":245,"column":null}},"102":{"start":{"line":246,"column":2},"end":{"line":246,"column":null}},"103":{"start":{"line":248,"column":2},"end":{"line":250,"column":null}},"104":{"start":{"line":249,"column":4},"end":{"line":249,"column":null}},"105":{"start":{"line":252,"column":2},"end":{"line":254,"column":null}},"106":{"start":{"line":253,"column":4},"end":{"line":253,"column":null}},"107":{"start":{"line":256,"column":2},"end":{"line":256,"column":null}},"108":{"start":{"line":263,"column":30},"end":{"line":263,"column":null}},"109":{"start":{"line":264,"column":21},"end":{"line":264,"column":null}},"110":{"start":{"line":266,"column":2},"end":{"line":279,"column":null}},"111":{"start":{"line":267,"column":25},"end":{"line":267,"column":null}},"112":{"start":{"line":268,"column":18},"end":{"line":268,"column":null}},"113":{"start":{"line":271,"column":4},"end":{"line":278,"column":null}},"114":{"start":{"line":272,"column":6},"end":{"line":274,"column":null}},"115":{"start":{"line":273,"column":8},"end":{"line":273,"column":null}},"116":{"start":{"line":275,"column":6},"end":{"line":275,"column":null}},"117":{"start":{"line":277,"column":6},"end":{"line":277,"column":null}},"118":{"start":{"line":281,"column":2},"end":{"line":283,"column":null}},"119":{"start":{"line":282,"column":4},"end":{"line":282,"column":null}},"120":{"start":{"line":285,"column":2},"end":{"line":285,"column":null}},"121":{"start":{"line":292,"column":15},"end":{"line":292,"column":null}},"122":{"start":{"line":293,"column":13},"end":{"line":293,"column":null}},"123":{"start":{"line":294,"column":2},"end":{"line":294,"column":null}},"124":{"start":{"line":297,"column":16},"end":{"line":297,"column":null}},"125":{"start":{"line":298,"column":17},"end":{"line":298,"column":null}},"126":{"start":{"line":299,"column":21},"end":{"line":300,"column":null}},"127":{"start":{"line":301,"column":2},"end":{"line":301,"column":null}},"128":{"start":{"line":304,"column":2},"end":{"line":309,"column":null}},"129":{"start":{"line":305,"column":4},"end":{"line":305,"column":null}},"130":{"start":{"line":306,"column":4},"end":{"line":308,"column":null}},"131":{"start":{"line":307,"column":6},"end":{"line":307,"column":null}},"132":{"start":{"line":312,"column":2},"end":{"line":318,"column":null}},"133":{"start":{"line":313,"column":4},"end":{"line":313,"column":null}},"134":{"start":{"line":314,"column":2},"end":{"line":318,"column":null}},"135":{"start":{"line":315,"column":4},"end":{"line":315,"column":null}},"136":{"start":{"line":316,"column":2},"end":{"line":318,"column":null}},"137":{"start":{"line":317,"column":4},"end":{"line":317,"column":null}},"138":{"start":{"line":320,"column":2},"end":{"line":320,"column":null}},"139":{"start":{"line":327,"column":2},"end":{"line":327,"column":null}},"140":{"start":{"line":344,"column":16},"end":{"line":345,"column":null}},"141":{"start":{"line":347,"column":2},"end":{"line":349,"column":null}},"142":{"start":{"line":348,"column":4},"end":{"line":348,"column":null}},"143":{"start":{"line":351,"column":2},"end":{"line":351,"column":null}},"144":{"start":{"line":358,"column":14},"end":{"line":358,"column":null}},"145":{"start":{"line":359,"column":15},"end":{"line":359,"column":null}},"146":{"start":{"line":361,"column":2},"end":{"line":361,"column":null}},"147":{"start":{"line":361,"column":19},"end":{"line":361,"column":null}},"148":{"start":{"line":362,"column":2},"end":{"line":362,"column":null}},"149":{"start":{"line":362,"column":20},"end":{"line":362,"column":null}},"150":{"start":{"line":363,"column":2},"end":{"line":363,"column":null}}},"fnMap":{"0":{"name":"formatMessageForChat","decl":{"start":{"line":29,"column":16},"end":{"line":29,"column":37}},"loc":{"start":{"line":29,"column":87},"end":{"line":56,"column":null}},"line":29},"1":{"name":"formatUserMessage","decl":{"start":{"line":61,"column":9},"end":{"line":61,"column":27}},"loc":{"start":{"line":61,"column":77},"end":{"line":69,"column":null}},"line":61},"2":{"name":"formatAgentMessage","decl":{"start":{"line":74,"column":9},"end":{"line":74,"column":28}},"loc":{"start":{"line":74,"column":78},"end":{"line":103,"column":null}},"line":74},"3":{"name":"formatToolCallMessage","decl":{"start":{"line":108,"column":9},"end":{"line":108,"column":31}},"loc":{"start":{"line":108,"column":81},"end":{"line":136,"column":null}},"line":108},"4":{"name":"formatToolResultMessage","decl":{"start":{"line":141,"column":9},"end":{"line":141,"column":33}},"loc":{"start":{"line":141,"column":83},"end":{"line":172,"column":null}},"line":141},"5":{"name":"formatPermissionMessage","decl":{"start":{"line":177,"column":9},"end":{"line":177,"column":33}},"loc":{"start":{"line":177,"column":83},"end":{"line":209,"column":null}},"line":177},"6":{"name":"(anonymous_6)","decl":{"start":{"line":194,"column":28},"end":{"line":194,"column":38}},"loc":{"start":{"line":194,"column":38},"end":{"line":196,"column":5}},"line":194},"7":{"name":"formatEventMessage","decl":{"start":{"line":215,"column":9},"end":{"line":215,"column":28}},"loc":{"start":{"line":215,"column":79},"end":{"line":237,"column":null}},"line":215},"8":{"name":"formatErrorMessage","decl":{"start":{"line":242,"column":9},"end":{"line":242,"column":28}},"loc":{"start":{"line":242,"column":78},"end":{"line":257,"column":null}},"line":242},"9":{"name":"formatMessagesForChat","decl":{"start":{"line":262,"column":16},"end":{"line":262,"column":38}},"loc":{"start":{"line":262,"column":93},"end":{"line":286,"column":null}},"line":262},"10":{"name":"formatPermissionRequest","decl":{"start":{"line":291,"column":16},"end":{"line":291,"column":40}},"loc":{"start":{"line":291,"column":112},"end":{"line":321,"column":null}},"line":291},"11":{"name":"(anonymous_11)","decl":{"start":{"line":306,"column":31},"end":{"line":306,"column":41}},"loc":{"start":{"line":306,"column":41},"end":{"line":308,"column":5}},"line":306},"12":{"name":"getCommandHelpText","decl":{"start":{"line":326,"column":16},"end":{"line":326,"column":45}},"loc":{"start":{"line":326,"column":45},"end":{"line":334,"column":null}},"line":326},"13":{"name":"truncateIfNeeded","decl":{"start":{"line":343,"column":9},"end":{"line":343,"column":26}},"loc":{"start":{"line":343,"column":72},"end":{"line":352,"column":null}},"line":343},"14":{"name":"formatDuration","decl":{"start":{"line":357,"column":9},"end":{"line":357,"column":24}},"loc":{"start":{"line":357,"column":47},"end":{"line":364,"column":null}},"line":357}},"branchMap":{"0":{"loc":{"start":{"line":30,"column":2},"end":{"line":55,"column":null}},"type":"switch","locations":[{"start":{"line":31,"column":4},"end":{"line":32,"column":null}},{"start":{"line":34,"column":4},"end":{"line":35,"column":null}},{"start":{"line":37,"column":4},"end":{"line":38,"column":null}},{"start":{"line":40,"column":4},"end":{"line":41,"column":null}},{"start":{"line":43,"column":4},"end":{"line":44,"column":null}},{"start":{"line":46,"column":4},"end":{"line":47,"column":null}},{"start":{"line":49,"column":4},"end":{"line":50,"column":null}},{"start":{"line":52,"column":4},"end":{"line":54,"column":null}}],"line":30},"1":{"loc":{"start":{"line":62,"column":2},"end":{"line":62,"column":null}},"type":"if","locations":[{"start":{"line":62,"column":2},"end":{"line":62,"column":null}},{"start":{},"end":{}}],"line":62},"2":{"loc":{"start":{"line":64,"column":2},"end":{"line":66,"column":null}},"type":"if","locations":[{"start":{"line":64,"column":2},"end":{"line":66,"column":null}},{"start":{},"end":{}}],"line":64},"3":{"loc":{"start":{"line":75,"column":2},"end":{"line":75,"column":null}},"type":"if","locations":[{"start":{"line":75,"column":2},"end":{"line":75,"column":null}},{"start":{},"end":{}}],"line":75},"4":{"loc":{"start":{"line":80,"column":2},"end":{"line":82,"column":null}},"type":"if","locations":[{"start":{"line":80,"column":2},"end":{"line":82,"column":null}},{"start":{},"end":{}}],"line":80},"5":{"loc":{"start":{"line":88,"column":2},"end":{"line":96,"column":null}},"type":"if","locations":[{"start":{"line":88,"column":2},"end":{"line":96,"column":null}},{"start":{},"end":{}}],"line":88},"6":{"loc":{"start":{"line":88,"column":6},"end":{"line":88,"column":44}},"type":"binary-expr","locations":[{"start":{"line":88,"column":6},"end":{"line":88,"column":26}},{"start":{"line":88,"column":26},"end":{"line":88,"column":44}}],"line":88},"7":{"loc":{"start":{"line":90,"column":4},"end":{"line":92,"column":null}},"type":"if","locations":[{"start":{"line":90,"column":4},"end":{"line":92,"column":null}},{"start":{},"end":{}}],"line":90},"8":{"loc":{"start":{"line":93,"column":4},"end":{"line":95,"column":null}},"type":"if","locations":[{"start":{"line":93,"column":4},"end":{"line":95,"column":null}},{"start":{},"end":{}}],"line":93},"9":{"loc":{"start":{"line":98,"column":2},"end":{"line":100,"column":null}},"type":"if","locations":[{"start":{"line":98,"column":2},"end":{"line":100,"column":null}},{"start":{},"end":{}}],"line":98},"10":{"loc":{"start":{"line":109,"column":2},"end":{"line":109,"column":null}},"type":"if","locations":[{"start":{"line":109,"column":2},"end":{"line":109,"column":null}},{"start":{},"end":{}}],"line":109},"11":{"loc":{"start":{"line":115,"column":12},"end":{"line":115,"column":null}},"type":"binary-expr","locations":[{"start":{"line":115,"column":12},"end":{"line":115,"column":31}},{"start":{"line":115,"column":20},"end":{"line":115,"column":null}}],"line":115},"12":{"loc":{"start":{"line":118,"column":2},"end":{"line":126,"column":null}},"type":"if","locations":[{"start":{"line":118,"column":2},"end":{"line":126,"column":null}},{"start":{"line":122,"column":2},"end":{"line":126,"column":null}}],"line":118},"13":{"loc":{"start":{"line":119,"column":21},"end":{"line":120,"column":null}},"type":"cond-expr","locations":[{"start":{"line":120,"column":6},"end":{"line":120,"column":46}},{"start":{"line":120,"column":46},"end":{"line":120,"column":null}}],"line":119},"14":{"loc":{"start":{"line":122,"column":2},"end":{"line":126,"column":null}},"type":"if","locations":[{"start":{"line":122,"column":2},"end":{"line":126,"column":null}},{"start":{"line":124,"column":2},"end":{"line":126,"column":null}}],"line":122},"15":{"loc":{"start":{"line":124,"column":2},"end":{"line":126,"column":null}},"type":"if","locations":[{"start":{"line":124,"column":2},"end":{"line":126,"column":null}},{"start":{},"end":{}}],"line":124},"16":{"loc":{"start":{"line":129,"column":2},"end":{"line":133,"column":null}},"type":"if","locations":[{"start":{"line":129,"column":2},"end":{"line":133,"column":null}},{"start":{},"end":{}}],"line":129},"17":{"loc":{"start":{"line":142,"column":2},"end":{"line":142,"column":null}},"type":"if","locations":[{"start":{"line":142,"column":2},"end":{"line":142,"column":null}},{"start":{},"end":{}}],"line":142},"18":{"loc":{"start":{"line":146,"column":2},"end":{"line":152,"column":null}},"type":"if","locations":[{"start":{"line":146,"column":2},"end":{"line":152,"column":null}},{"start":{"line":149,"column":9},"end":{"line":152,"column":null}}],"line":146},"19":{"loc":{"start":{"line":155,"column":2},"end":{"line":157,"column":null}},"type":"if","locations":[{"start":{"line":155,"column":2},"end":{"line":157,"column":null}},{"start":{},"end":{}}],"line":155},"20":{"loc":{"start":{"line":160,"column":2},"end":{"line":169,"column":null}},"type":"if","locations":[{"start":{"line":160,"column":2},"end":{"line":169,"column":null}},{"start":{},"end":{}}],"line":160},"21":{"loc":{"start":{"line":162,"column":22},"end":{"line":162,"column":null}},"type":"cond-expr","locations":[{"start":{"line":162,"column":56},"end":{"line":162,"column":62}},{"start":{"line":162,"column":62},"end":{"line":162,"column":null}}],"line":162},"22":{"loc":{"start":{"line":163,"column":4},"end":{"line":168,"column":null}},"type":"if","locations":[{"start":{"line":163,"column":4},"end":{"line":168,"column":null}},{"start":{},"end":{}}],"line":163},"23":{"loc":{"start":{"line":178,"column":2},"end":{"line":178,"column":null}},"type":"if","locations":[{"start":{"line":178,"column":2},"end":{"line":178,"column":null}},{"start":{},"end":{}}],"line":178},"24":{"loc":{"start":{"line":186,"column":20},"end":{"line":186,"column":null}},"type":"cond-expr","locations":[{"start":{"line":186,"column":54},"end":{"line":186,"column":60}},{"start":{"line":186,"column":60},"end":{"line":186,"column":null}}],"line":186},"25":{"loc":{"start":{"line":187,"column":21},"end":{"line":188,"column":null}},"type":"cond-expr","locations":[{"start":{"line":188,"column":4},"end":{"line":188,"column":46}},{"start":{"line":188,"column":46},"end":{"line":188,"column":null}}],"line":187},"26":{"loc":{"start":{"line":192,"column":2},"end":{"line":197,"column":null}},"type":"if","locations":[{"start":{"line":192,"column":2},"end":{"line":197,"column":null}},{"start":{},"end":{}}],"line":192},"27":{"loc":{"start":{"line":192,"column":6},"end":{"line":192,"column":53}},"type":"binary-expr","locations":[{"start":{"line":192,"column":6},"end":{"line":192,"column":25}},{"start":{"line":192,"column":25},"end":{"line":192,"column":53}}],"line":192},"28":{"loc":{"start":{"line":200,"column":2},"end":{"line":206,"column":null}},"type":"if","locations":[{"start":{"line":200,"column":2},"end":{"line":206,"column":null}},{"start":{"line":202,"column":2},"end":{"line":206,"column":null}}],"line":200},"29":{"loc":{"start":{"line":202,"column":2},"end":{"line":206,"column":null}},"type":"if","locations":[{"start":{"line":202,"column":2},"end":{"line":206,"column":null}},{"start":{"line":204,"column":2},"end":{"line":206,"column":null}}],"line":202},"30":{"loc":{"start":{"line":204,"column":2},"end":{"line":206,"column":null}},"type":"if","locations":[{"start":{"line":204,"column":2},"end":{"line":206,"column":null}},{"start":{},"end":{}}],"line":204},"31":{"loc":{"start":{"line":216,"column":2},"end":{"line":216,"column":null}},"type":"if","locations":[{"start":{"line":216,"column":2},"end":{"line":216,"column":null}},{"start":{},"end":{}}],"line":216},"32":{"loc":{"start":{"line":220,"column":2},"end":{"line":236,"column":null}},"type":"switch","locations":[{"start":{"line":221,"column":4},"end":{"line":222,"column":null}},{"start":{"line":223,"column":4},"end":{"line":224,"column":null}},{"start":{"line":225,"column":4},"end":{"line":226,"column":null}},{"start":{"line":227,"column":4},"end":{"line":228,"column":null}},{"start":{"line":229,"column":4},"end":{"line":230,"column":null}},{"start":{"line":231,"column":4},"end":{"line":235,"column":null}}],"line":220},"33":{"loc":{"start":{"line":224,"column":25},"end":{"line":224,"column":64}},"type":"binary-expr","locations":[{"start":{"line":224,"column":25},"end":{"line":224,"column":45}},{"start":{"line":224,"column":45},"end":{"line":224,"column":62}},{"start":{"line":224,"column":62},"end":{"line":224,"column":64}}],"line":224},"34":{"loc":{"start":{"line":230,"column":22},"end":{"line":230,"column":67}},"type":"binary-expr","locations":[{"start":{"line":230,"column":22},"end":{"line":230,"column":39}},{"start":{"line":230,"column":39},"end":{"line":230,"column":65}},{"start":{"line":230,"column":65},"end":{"line":230,"column":67}}],"line":230},"35":{"loc":{"start":{"line":232,"column":6},"end":{"line":234,"column":null}},"type":"if","locations":[{"start":{"line":232,"column":6},"end":{"line":234,"column":null}},{"start":{},"end":{}}],"line":232},"36":{"loc":{"start":{"line":243,"column":2},"end":{"line":243,"column":null}},"type":"if","locations":[{"start":{"line":243,"column":2},"end":{"line":243,"column":null}},{"start":{},"end":{}}],"line":243},"37":{"loc":{"start":{"line":248,"column":2},"end":{"line":250,"column":null}},"type":"if","locations":[{"start":{"line":248,"column":2},"end":{"line":250,"column":null}},{"start":{},"end":{}}],"line":248},"38":{"loc":{"start":{"line":252,"column":2},"end":{"line":254,"column":null}},"type":"if","locations":[{"start":{"line":252,"column":2},"end":{"line":254,"column":null}},{"start":{},"end":{}}],"line":252},"39":{"loc":{"start":{"line":268,"column":18},"end":{"line":268,"column":null}},"type":"cond-expr","locations":[{"start":{"line":268,"column":52},"end":{"line":268,"column":69}},{"start":{"line":268,"column":69},"end":{"line":268,"column":null}}],"line":268},"40":{"loc":{"start":{"line":271,"column":4},"end":{"line":278,"column":null}},"type":"if","locations":[{"start":{"line":271,"column":4},"end":{"line":278,"column":null}},{"start":{"line":276,"column":11},"end":{"line":278,"column":null}}],"line":271},"41":{"loc":{"start":{"line":272,"column":6},"end":{"line":274,"column":null}},"type":"if","locations":[{"start":{"line":272,"column":6},"end":{"line":274,"column":null}},{"start":{},"end":{}}],"line":272},"42":{"loc":{"start":{"line":277,"column":23},"end":{"line":277,"column":53}},"type":"cond-expr","locations":[{"start":{"line":277,"column":38},"end":{"line":277,"column":47}},{"start":{"line":277,"column":47},"end":{"line":277,"column":53}}],"line":277},"43":{"loc":{"start":{"line":281,"column":2},"end":{"line":283,"column":null}},"type":"if","locations":[{"start":{"line":281,"column":2},"end":{"line":283,"column":null}},{"start":{},"end":{}}],"line":281},"44":{"loc":{"start":{"line":298,"column":17},"end":{"line":298,"column":null}},"type":"cond-expr","locations":[{"start":{"line":298,"column":43},"end":{"line":298,"column":49}},{"start":{"line":298,"column":49},"end":{"line":298,"column":null}}],"line":298},"45":{"loc":{"start":{"line":299,"column":21},"end":{"line":300,"column":null}},"type":"cond-expr","locations":[{"start":{"line":300,"column":4},"end":{"line":300,"column":43}},{"start":{"line":300,"column":43},"end":{"line":300,"column":null}}],"line":299},"46":{"loc":{"start":{"line":304,"column":2},"end":{"line":309,"column":null}},"type":"if","locations":[{"start":{"line":304,"column":2},"end":{"line":309,"column":null}},{"start":{},"end":{}}],"line":304},"47":{"loc":{"start":{"line":304,"column":6},"end":{"line":304,"column":59}},"type":"binary-expr","locations":[{"start":{"line":304,"column":6},"end":{"line":304,"column":28}},{"start":{"line":304,"column":28},"end":{"line":304,"column":59}}],"line":304},"48":{"loc":{"start":{"line":312,"column":2},"end":{"line":318,"column":null}},"type":"if","locations":[{"start":{"line":312,"column":2},"end":{"line":318,"column":null}},{"start":{"line":314,"column":2},"end":{"line":318,"column":null}}],"line":312},"49":{"loc":{"start":{"line":314,"column":2},"end":{"line":318,"column":null}},"type":"if","locations":[{"start":{"line":314,"column":2},"end":{"line":318,"column":null}},{"start":{"line":316,"column":2},"end":{"line":318,"column":null}}],"line":314},"50":{"loc":{"start":{"line":316,"column":2},"end":{"line":318,"column":null}},"type":"if","locations":[{"start":{"line":316,"column":2},"end":{"line":318,"column":null}},{"start":{},"end":{}}],"line":316},"51":{"loc":{"start":{"line":344,"column":16},"end":{"line":345,"column":null}},"type":"binary-expr","locations":[{"start":{"line":344,"column":16},"end":{"line":344,"column":null}},{"start":{"line":345,"column":5},"end":{"line":345,"column":null}}],"line":344},"52":{"loc":{"start":{"line":345,"column":5},"end":{"line":345,"column":null}},"type":"cond-expr","locations":[{"start":{"line":345,"column":39},"end":{"line":345,"column":56}},{"start":{"line":345,"column":56},"end":{"line":345,"column":null}}],"line":345},"53":{"loc":{"start":{"line":347,"column":2},"end":{"line":349,"column":null}},"type":"if","locations":[{"start":{"line":347,"column":2},"end":{"line":349,"column":null}},{"start":{},"end":{}}],"line":347},"54":{"loc":{"start":{"line":361,"column":2},"end":{"line":361,"column":null}},"type":"if","locations":[{"start":{"line":361,"column":2},"end":{"line":361,"column":null}},{"start":{},"end":{}}],"line":361},"55":{"loc":{"start":{"line":362,"column":2},"end":{"line":362,"column":null}},"type":"if","locations":[{"start":{"line":362,"column":2},"end":{"line":362,"column":null}},{"start":{},"end":{}}],"line":362}},"s":{"0":1,"1":1,"2":25,"3":4,"4":5,"5":3,"6":3,"7":3,"8":5,"9":2,"10":0,"11":4,"12":0,"13":4,"14":1,"15":3,"16":5,"17":0,"18":5,"19":5,"20":1,"21":5,"22":5,"23":1,"24":1,"25":1,"26":1,"27":1,"28":5,"29":4,"30":5,"31":3,"32":0,"33":3,"34":3,"35":3,"36":3,"37":2,"38":2,"39":1,"40":1,"41":0,"42":0,"43":3,"44":1,"45":1,"46":1,"47":3,"48":3,"49":0,"50":3,"51":3,"52":1,"53":1,"54":2,"55":2,"56":3,"57":0,"58":3,"59":1,"60":1,"61":1,"62":1,"63":1,"64":1,"65":1,"66":3,"67":3,"68":0,"69":3,"70":3,"71":3,"72":3,"73":3,"74":3,"75":3,"76":3,"77":1,"78":1,"79":2,"80":3,"81":1,"82":2,"83":1,"84":1,"85":1,"86":3,"87":5,"88":0,"89":5,"90":5,"91":1,"92":1,"93":1,"94":1,"95":1,"96":0,"97":0,"98":0,"99":2,"100":0,"101":2,"102":2,"103":2,"104":1,"105":2,"106":1,"107":2,"108":2,"109":2,"110":2,"111":4,"112":4,"113":4,"114":1,"115":1,"116":1,"117":3,"118":2,"119":2,"120":2,"121":3,"122":3,"123":3,"124":3,"125":3,"126":3,"127":3,"128":3,"129":1,"130":1,"131":2,"132":3,"133":3,"134":0,"135":0,"136":0,"137":0,"138":3,"139":2,"140":16,"141":16,"142":16,"143":0,"144":1,"145":1,"146":1,"147":1,"148":0,"149":0,"150":0},"f":{"0":25,"1":4,"2":5,"3":3,"4":3,"5":3,"6":2,"7":5,"8":2,"9":2,"10":3,"11":2,"12":2,"13":16,"14":1},"b":{"0":[4,5,3,3,3,5,2,0],"1":[0,4],"2":[1,3],"3":[0,5],"4":[1,4],"5":[1,4],"6":[5,5],"7":[1,0],"8":[1,0],"9":[4,1],"10":[0,3],"11":[3,1],"12":[2,1],"13":[1,1],"14":[1,0],"15":[0,0],"16":[1,2],"17":[0,3],"18":[1,2],"19":[0,3],"20":[1,2],"21":[1,0],"22":[1,0],"23":[0,3],"24":[3,0],"25":[0,3],"26":[1,2],"27":[3,1],"28":[1,2],"29":[1,1],"30":[1,0],"31":[0,5],"32":[1,1,1,1,1,0],"33":[1,0,0],"34":[1,0,0],"35":[0,0],"36":[0,2],"37":[1,1],"38":[1,1],"39":[4,0],"40":[1,3],"41":[1,0],"42":[1,2],"43":[2,0],"44":[2,1],"45":[2,1],"46":[1,2],"47":[3,1],"48":[3,0],"49":[0,0],"50":[0,0],"51":[16,16],"52":[16,0],"53":[16,0],"54":[1,0],"55":[0,0]},"meta":{"lastBranch":56,"lastFunction":15,"lastStatement":151,"seen":{"s:16:23:16:Infinity":0,"s:17:21:17:Infinity":1,"f:29:16:29:37":0,"b:31:4:32:Infinity:34:4:35:Infinity:37:4:38:Infinity:40:4:41:Infinity:43:4:44:Infinity:46:4:47:Infinity:49:4:50:Infinity:52:4:54:Infinity":0,"s:30:2:55:Infinity":2,"s:32:6:32:Infinity":3,"s:35:6:35:Infinity":4,"s:38:6:38:Infinity":5,"s:41:6:41:Infinity":6,"s:44:6:44:Infinity":7,"s:47:6:47:Infinity":8,"s:50:6:50:Infinity":9,"s:54:6:54:Infinity":10,"f:61:9:61:27":1,"b:62:2:62:Infinity:undefined:undefined:undefined:undefined":1,"s:62:2:62:Infinity":11,"s:62:35:62:Infinity":12,"b:64:2:66:Infinity:undefined:undefined:undefined:undefined":2,"s:64:2:66:Infinity":13,"s:65:4:65:Infinity":14,"s:68:2:68:Infinity":15,"f:74:9:74:28":2,"b:75:2:75:Infinity:undefined:undefined:undefined:undefined":3,"s:75:2:75:Infinity":16,"s:75:36:75:Infinity":17,"s:77:15:77:Infinity":18,"b:80:2:82:Infinity:undefined:undefined:undefined:undefined":4,"s:80:2:82:Infinity":19,"s:81:4:81:Infinity":20,"s:85:2:85:Infinity":21,"b:88:2:96:Infinity:undefined:undefined:undefined:undefined":5,"s:88:2:96:Infinity":22,"b:88:6:88:26:88:26:88:44":6,"s:89:4:89:Infinity":23,"b:90:4:92:Infinity:undefined:undefined:undefined:undefined":7,"s:90:4:92:Infinity":24,"s:91:6:91:Infinity":25,"b:93:4:95:Infinity:undefined:undefined:undefined:undefined":8,"s:93:4:95:Infinity":26,"s:94:6:94:Infinity":27,"b:98:2:100:Infinity:undefined:undefined:undefined:undefined":9,"s:98:2:100:Infinity":28,"s:99:4:99:Infinity":29,"s:102:2:102:Infinity":30,"f:108:9:108:31":3,"b:109:2:109:Infinity:undefined:undefined:undefined:undefined":10,"s:109:2:109:Infinity":31,"s:109:35:109:Infinity":32,"s:111:15:111:Infinity":33,"s:112:15:112:Infinity":34,"s:115:2:115:Infinity":35,"b:115:12:115:31:115:20:115:Infinity":11,"b:118:2:126:Infinity:122:2:126:Infinity":12,"s:118:2:126:Infinity":36,"s:119:21:120:Infinity":37,"b:120:6:120:46:120:46:120:Infinity":13,"s:121:4:121:Infinity":38,"b:122:2:126:Infinity:124:2:126:Infinity":14,"s:122:2:126:Infinity":39,"s:123:4:123:Infinity":40,"b:124:2:126:Infinity:undefined:undefined:undefined:undefined":15,"s:124:2:126:Infinity":41,"s:125:4:125:Infinity":42,"b:129:2:133:Infinity:undefined:undefined:undefined:undefined":16,"s:129:2:133:Infinity":43,"s:130:4:130:Infinity":44,"s:131:4:131:Infinity":45,"s:132:4:132:Infinity":46,"s:135:2:135:Infinity":47,"f:141:9:141:33":4,"b:142:2:142:Infinity:undefined:undefined:undefined:undefined":17,"s:142:2:142:Infinity":48,"s:142:37:142:Infinity":49,"s:144:15:144:Infinity":50,"b:146:2:152:Infinity:149:9:152:Infinity":18,"s:146:2:152:Infinity":51,"s:147:4:147:Infinity":52,"s:148:4:148:Infinity":53,"s:150:4:150:Infinity":54,"s:151:4:151:Infinity":55,"b:155:2:157:Infinity:undefined:undefined:undefined:undefined":19,"s:155:2:157:Infinity":56,"s:156:4:156:Infinity":57,"b:160:2:169:Infinity:undefined:undefined:undefined:undefined":20,"s:160:2:169:Infinity":58,"s:161:22:161:Infinity":59,"s:162:22:162:Infinity":60,"b:162:56:162:62:162:62:162:Infinity":21,"b:163:4:168:Infinity:undefined:undefined:undefined:undefined":22,"s:163:4:168:Infinity":61,"s:164:6:164:Infinity":62,"s:165:6:165:Infinity":63,"s:166:6:166:Infinity":64,"s:167:6:167:Infinity":65,"s:171:2:171:Infinity":66,"f:177:9:177:33":5,"b:178:2:178:Infinity:undefined:undefined:undefined:undefined":23,"s:178:2:178:Infinity":67,"s:178:37:178:Infinity":68,"s:180:15:180:Infinity":69,"s:181:13:181:Infinity":70,"s:182:2:182:Infinity":71,"s:185:16:185:Infinity":72,"s:186:20:186:Infinity":73,"b:186:54:186:60:186:60:186:Infinity":24,"s:187:21:188:Infinity":74,"b:188:4:188:46:188:46:188:Infinity":25,"s:189:2:189:Infinity":75,"b:192:2:197:Infinity:undefined:undefined:undefined:undefined":26,"s:192:2:197:Infinity":76,"b:192:6:192:25:192:25:192:53":27,"s:193:4:193:Infinity":77,"s:194:4:196:Infinity":78,"f:194:28:194:38":6,"s:195:6:195:Infinity":79,"b:200:2:206:Infinity:202:2:206:Infinity":28,"s:200:2:206:Infinity":80,"s:201:4:201:Infinity":81,"b:202:2:206:Infinity:204:2:206:Infinity":29,"s:202:2:206:Infinity":82,"s:203:4:203:Infinity":83,"b:204:2:206:Infinity:undefined:undefined:undefined:undefined":30,"s:204:2:206:Infinity":84,"s:205:4:205:Infinity":85,"s:208:2:208:Infinity":86,"f:215:9:215:28":7,"b:216:2:216:Infinity:undefined:undefined:undefined:undefined":31,"s:216:2:216:Infinity":87,"s:216:32:216:Infinity":88,"s:218:16:218:Infinity":89,"b:221:4:222:Infinity:223:4:224:Infinity:225:4:226:Infinity:227:4:228:Infinity:229:4:230:Infinity:231:4:235:Infinity":32,"s:220:2:236:Infinity":90,"s:222:6:222:Infinity":91,"s:224:6:224:Infinity":92,"b:224:25:224:45:224:45:224:62:224:62:224:64":33,"s:226:6:226:Infinity":93,"s:228:6:228:Infinity":94,"s:230:6:230:Infinity":95,"b:230:22:230:39:230:39:230:65:230:65:230:67":34,"b:232:6:234:Infinity:undefined:undefined:undefined:undefined":35,"s:232:6:234:Infinity":96,"s:233:8:233:Infinity":97,"s:235:6:235:Infinity":98,"f:242:9:242:28":8,"b:243:2:243:Infinity:undefined:undefined:undefined:undefined":36,"s:243:2:243:Infinity":99,"s:243:32:243:Infinity":100,"s:245:15:245:Infinity":101,"s:246:2:246:Infinity":102,"b:248:2:250:Infinity:undefined:undefined:undefined:undefined":37,"s:248:2:250:Infinity":103,"s:249:4:249:Infinity":104,"b:252:2:254:Infinity:undefined:undefined:undefined:undefined":38,"s:252:2:254:Infinity":105,"s:253:4:253:Infinity":106,"s:256:2:256:Infinity":107,"f:262:16:262:38":9,"s:263:30:263:Infinity":108,"s:264:21:264:Infinity":109,"s:266:2:279:Infinity":110,"s:267:25:267:Infinity":111,"s:268:18:268:Infinity":112,"b:268:52:268:69:268:69:268:Infinity":39,"b:271:4:278:Infinity:276:11:278:Infinity":40,"s:271:4:278:Infinity":113,"b:272:6:274:Infinity:undefined:undefined:undefined:undefined":41,"s:272:6:274:Infinity":114,"s:273:8:273:Infinity":115,"s:275:6:275:Infinity":116,"s:277:6:277:Infinity":117,"b:277:38:277:47:277:47:277:53":42,"b:281:2:283:Infinity:undefined:undefined:undefined:undefined":43,"s:281:2:283:Infinity":118,"s:282:4:282:Infinity":119,"s:285:2:285:Infinity":120,"f:291:16:291:40":10,"s:292:15:292:Infinity":121,"s:293:13:293:Infinity":122,"s:294:2:294:Infinity":123,"s:297:16:297:Infinity":124,"s:298:17:298:Infinity":125,"b:298:43:298:49:298:49:298:Infinity":44,"s:299:21:300:Infinity":126,"b:300:4:300:43:300:43:300:Infinity":45,"s:301:2:301:Infinity":127,"b:304:2:309:Infinity:undefined:undefined:undefined:undefined":46,"s:304:2:309:Infinity":128,"b:304:6:304:28:304:28:304:59":47,"s:305:4:305:Infinity":129,"s:306:4:308:Infinity":130,"f:306:31:306:41":11,"s:307:6:307:Infinity":131,"b:312:2:318:Infinity:314:2:318:Infinity":48,"s:312:2:318:Infinity":132,"s:313:4:313:Infinity":133,"b:314:2:318:Infinity:316:2:318:Infinity":49,"s:314:2:318:Infinity":134,"s:315:4:315:Infinity":135,"b:316:2:318:Infinity:undefined:undefined:undefined:undefined":50,"s:316:2:318:Infinity":136,"s:317:4:317:Infinity":137,"s:320:2:320:Infinity":138,"f:326:16:326:45":12,"s:327:2:327:Infinity":139,"f:343:9:343:26":13,"s:344:16:345:Infinity":140,"b:344:16:344:Infinity:345:5:345:Infinity":51,"b:345:39:345:56:345:56:345:Infinity":52,"b:347:2:349:Infinity:undefined:undefined:undefined:undefined":53,"s:347:2:349:Infinity":141,"s:348:4:348:Infinity":142,"s:351:2:351:Infinity":143,"f:357:9:357:24":14,"s:358:14:358:Infinity":144,"s:359:15:359:Infinity":145,"b:361:2:361:Infinity:undefined:undefined:undefined:undefined":54,"s:361:2:361:Infinity":146,"s:361:19:361:Infinity":147,"b:362:2:362:Infinity:undefined:undefined:undefined:undefined":55,"s:362:2:362:Infinity":148,"s:362:20:362:Infinity":149,"s:363:2:363:Infinity":150}}}
,"/Users/jiang/development/claudphone/electron_app/src/bot/integration/claude.ts": {"path":"/Users/jiang/development/claudphone/electron_app/src/bot/integration/claude.ts","statementMap":{"0":{"start":{"line":37,"column":47},"end":{"line":37,"column":null}},"1":{"start":{"line":38,"column":42},"end":{"line":38,"column":null}},"2":{"start":{"line":40,"column":51},"end":{"line":40,"column":null}},"3":{"start":{"line":44,"column":4},"end":{"line":44,"column":null}},"4":{"start":{"line":45,"column":4},"end":{"line":45,"column":null}},"5":{"start":{"line":46,"column":4},"end":{"line":46,"column":null}},"6":{"start":{"line":53,"column":4},"end":{"line":55,"column":null}},"7":{"start":{"line":54,"column":6},"end":{"line":54,"column":null}},"8":{"start":{"line":58,"column":19},"end":{"line":63,"column":null}},"9":{"start":{"line":65,"column":4},"end":{"line":67,"column":null}},"10":{"start":{"line":66,"column":6},"end":{"line":66,"column":null}},"11":{"start":{"line":69,"column":4},"end":{"line":69,"column":null}},"12":{"start":{"line":76,"column":10},"end":{"line":76,"column":null}},"13":{"start":{"line":78,"column":4},"end":{"line":90,"column":null}},"14":{"start":{"line":80,"column":6},"end":{"line":89,"column":null}},"15":{"start":{"line":82,"column":8},"end":{"line":87,"column":null}},"16":{"start":{"line":83,"column":10},"end":{"line":86,"column":null}},"17":{"start":{"line":88,"column":8},"end":{"line":88,"column":null}},"18":{"start":{"line":92,"column":4},"end":{"line":92,"column":null}},"19":{"start":{"line":100,"column":10},"end":{"line":100,"column":null}},"20":{"start":{"line":101,"column":4},"end":{"line":104,"column":null}},"21":{"start":{"line":102,"column":6},"end":{"line":102,"column":null}},"22":{"start":{"line":103,"column":6},"end":{"line":103,"column":null}},"23":{"start":{"line":107,"column":17},"end":{"line":107,"column":null}},"24":{"start":{"line":110,"column":4},"end":{"line":110,"column":null}},"25":{"start":{"line":118,"column":21},"end":{"line":118,"column":null}},"26":{"start":{"line":120,"column":4},"end":{"line":123,"column":null}},"27":{"start":{"line":121,"column":6},"end":{"line":121,"column":null}},"28":{"start":{"line":122,"column":6},"end":{"line":122,"column":null}},"29":{"start":{"line":126,"column":4},"end":{"line":130,"column":null}},"30":{"start":{"line":127,"column":6},"end":{"line":127,"column":null}},"31":{"start":{"line":128,"column":6},"end":{"line":128,"column":null}},"32":{"start":{"line":129,"column":6},"end":{"line":129,"column":null}},"33":{"start":{"line":133,"column":17},"end":{"line":133,"column":null}},"34":{"start":{"line":134,"column":4},"end":{"line":138,"column":null}},"35":{"start":{"line":135,"column":6},"end":{"line":135,"column":null}},"36":{"start":{"line":136,"column":6},"end":{"line":136,"column":null}},"37":{"start":{"line":137,"column":6},"end":{"line":137,"column":null}},"38":{"start":{"line":141,"column":19},"end":{"line":141,"column":null}},"39":{"start":{"line":142,"column":4},"end":{"line":142,"column":null}},"40":{"start":{"line":145,"column":4},"end":{"line":145,"column":null}},"41":{"start":{"line":152,"column":16},"end":{"line":152,"column":null}},"42":{"start":{"line":153,"column":72},"end":{"line":153,"column":null}},"43":{"start":{"line":155,"column":4},"end":{"line":160,"column":null}},"44":{"start":{"line":156,"column":23},"end":{"line":156,"column":null}},"45":{"start":{"line":157,"column":6},"end":{"line":159,"column":null}},"46":{"start":{"line":158,"column":8},"end":{"line":158,"column":null}},"47":{"start":{"line":162,"column":4},"end":{"line":162,"column":null}},"48":{"start":{"line":162,"column":34},"end":{"line":162,"column":69}},"49":{"start":{"line":169,"column":4},"end":{"line":184,"column":null}},"50":{"start":{"line":170,"column":18},"end":{"line":170,"column":null}},"51":{"start":{"line":171,"column":20},"end":{"line":171,"column":null}},"52":{"start":{"line":173,"column":6},"end":{"line":179,"column":null}},"53":{"start":{"line":174,"column":25},"end":{"line":174,"column":null}},"54":{"start":{"line":175,"column":8},"end":{"line":178,"column":null}},"55":{"start":{"line":176,"column":10},"end":{"line":176,"column":null}},"56":{"start":{"line":177,"column":10},"end":{"line":177,"column":null}},"57":{"start":{"line":181,"column":6},"end":{"line":183,"column":null}},"58":{"start":{"line":182,"column":8},"end":{"line":182,"column":null}},"59":{"start":{"line":191,"column":4},"end":{"line":194,"column":null}},"60":{"start":{"line":192,"column":6},"end":{"line":192,"column":null}},"61":{"start":{"line":193,"column":6},"end":{"line":193,"column":null}},"62":{"start":{"line":201,"column":24},"end":{"line":201,"column":null}},"63":{"start":{"line":202,"column":19},"end":{"line":202,"column":null}},"64":{"start":{"line":202,"column":46},"end":{"line":202,"column":71}},"65":{"start":{"line":204,"column":4},"end":{"line":206,"column":null}},"66":{"start":{"line":205,"column":6},"end":{"line":205,"column":null}},"67":{"start":{"line":208,"column":4},"end":{"line":208,"column":null}},"68":{"start":{"line":215,"column":4},"end":{"line":215,"column":null}},"69":{"start":{"line":216,"column":4},"end":{"line":216,"column":null}},"70":{"start":{"line":223,"column":4},"end":{"line":225,"column":null}},"71":{"start":{"line":224,"column":6},"end":{"line":224,"column":null}},"72":{"start":{"line":226,"column":4},"end":{"line":229,"column":null}},"73":{"start":{"line":236,"column":17},"end":{"line":236,"column":null}},"74":{"start":{"line":237,"column":15},"end":{"line":237,"column":null}},"75":{"start":{"line":238,"column":4},"end":{"line":238,"column":null}},"76":{"start":{"line":241,"column":18},"end":{"line":241,"column":null}},"77":{"start":{"line":242,"column":23},"end":{"line":242,"column":null}},"78":{"start":{"line":243,"column":4},"end":{"line":243,"column":null}},"79":{"start":{"line":245,"column":4},"end":{"line":245,"column":null}},"80":{"start":{"line":246,"column":4},"end":{"line":246,"column":null}},"81":{"start":{"line":248,"column":4},"end":{"line":248,"column":null}},"82":{"start":{"line":253,"column":35},"end":{"line":253,"column":null}},"83":{"start":{"line":254,"column":33},"end":{"line":254,"column":null}}},"fnMap":{"0":{"name":"(anonymous_0)","decl":{"start":{"line":43,"column":2},"end":{"line":43,"column":14}},"loc":{"start":{"line":43,"column":47},"end":{"line":47,"column":null}},"line":43},"1":{"name":"(anonymous_1)","decl":{"start":{"line":52,"column":8},"end":{"line":52,"column":20}},"loc":{"start":{"line":52,"column":57},"end":{"line":70,"column":null}},"line":52},"2":{"name":"(anonymous_2)","decl":{"start":{"line":75,"column":8},"end":{"line":75,"column":22}},"loc":{"start":{"line":75,"column":57},"end":{"line":93,"column":null}},"line":75},"3":{"name":"(anonymous_3)","decl":{"start":{"line":98,"column":16},"end":{"line":98,"column":43}},"loc":{"start":{"line":98,"column":89},"end":{"line":111,"column":null}},"line":98},"4":{"name":"(anonymous_4)","decl":{"start":{"line":116,"column":8},"end":{"line":116,"column":28}},"loc":{"start":{"line":116,"column":95},"end":{"line":146,"column":null}},"line":116},"5":{"name":"(anonymous_5)","decl":{"start":{"line":151,"column":2},"end":{"line":151,"column":78}},"loc":{"start":{"line":151,"column":78},"end":{"line":163,"column":null}},"line":151},"6":{"name":"(anonymous_6)","decl":{"start":{"line":155,"column":42},"end":{"line":155,"column":43}},"loc":{"start":{"line":155,"column":56},"end":{"line":160,"column":5}},"line":155},"7":{"name":"(anonymous_7)","decl":{"start":{"line":162,"column":24},"end":{"line":162,"column":25}},"loc":{"start":{"line":162,"column":34},"end":{"line":162,"column":69}},"line":162},"8":{"name":"(anonymous_8)","decl":{"start":{"line":168,"column":10},"end":{"line":168,"column":39}},"loc":{"start":{"line":168,"column":39},"end":{"line":185,"column":null}},"line":168},"9":{"name":"(anonymous_9)","decl":{"start":{"line":169,"column":39},"end":{"line":169,"column":45}},"loc":{"start":{"line":169,"column":45},"end":{"line":184,"column":7}},"line":169},"10":{"name":"(anonymous_10)","decl":{"start":{"line":173,"column":44},"end":{"line":173,"column":45}},"loc":{"start":{"line":173,"column":58},"end":{"line":179,"column":7}},"line":173},"11":{"name":"(anonymous_11)","decl":{"start":{"line":190,"column":2},"end":{"line":190,"column":18}},"loc":{"start":{"line":190,"column":18},"end":{"line":195,"column":null}},"line":190},"12":{"name":"(anonymous_12)","decl":{"start":{"line":200,"column":2},"end":{"line":200,"column":14}},"loc":{"start":{"line":200,"column":41},"end":{"line":209,"column":null}},"line":200},"13":{"name":"(anonymous_13)","decl":{"start":{"line":202,"column":36},"end":{"line":202,"column":37}},"loc":{"start":{"line":202,"column":46},"end":{"line":202,"column":71}},"line":202},"14":{"name":"(anonymous_14)","decl":{"start":{"line":214,"column":2},"end":{"line":214,"column":18}},"loc":{"start":{"line":214,"column":69},"end":{"line":217,"column":null}},"line":214},"15":{"name":"(anonymous_15)","decl":{"start":{"line":222,"column":2},"end":{"line":222,"column":71}},"loc":{"start":{"line":222,"column":71},"end":{"line":230,"column":null}},"line":222},"16":{"name":"(anonymous_16)","decl":{"start":{"line":235,"column":10},"end":{"line":235,"column":34}},"loc":{"start":{"line":235,"column":73},"end":{"line":249,"column":null}},"line":235}},"branchMap":{"0":{"loc":{"start":{"line":53,"column":4},"end":{"line":55,"column":null}},"type":"if","locations":[{"start":{"line":53,"column":4},"end":{"line":55,"column":null}},{"start":{},"end":{}}],"line":53},"1":{"loc":{"start":{"line":60,"column":6},"end":{"line":60,"column":null}},"type":"binary-expr","locations":[{"start":{"line":60,"column":6},"end":{"line":60,"column":29}},{"start":{"line":60,"column":29},"end":{"line":60,"column":null}}],"line":60},"2":{"loc":{"start":{"line":65,"column":4},"end":{"line":67,"column":null}},"type":"if","locations":[{"start":{"line":65,"column":4},"end":{"line":67,"column":null}},{"start":{},"end":{}}],"line":65},"3":{"loc":{"start":{"line":78,"column":4},"end":{"line":90,"column":null}},"type":"if","locations":[{"start":{"line":78,"column":4},"end":{"line":90,"column":null}},{"start":{},"end":{}}],"line":78},"4":{"loc":{"start":{"line":82,"column":8},"end":{"line":87,"column":null}},"type":"if","locations":[{"start":{"line":82,"column":8},"end":{"line":87,"column":null}},{"start":{},"end":{}}],"line":82},"5":{"loc":{"start":{"line":101,"column":4},"end":{"line":104,"column":null}},"type":"if","locations":[{"start":{"line":101,"column":4},"end":{"line":104,"column":null}},{"start":{},"end":{}}],"line":101},"6":{"loc":{"start":{"line":120,"column":4},"end":{"line":123,"column":null}},"type":"if","locations":[{"start":{"line":120,"column":4},"end":{"line":123,"column":null}},{"start":{},"end":{}}],"line":120},"7":{"loc":{"start":{"line":126,"column":4},"end":{"line":130,"column":null}},"type":"if","locations":[{"start":{"line":126,"column":4},"end":{"line":130,"column":null}},{"start":{},"end":{}}],"line":126},"8":{"loc":{"start":{"line":134,"column":4},"end":{"line":138,"column":null}},"type":"if","locations":[{"start":{"line":134,"column":4},"end":{"line":138,"column":null}},{"start":{},"end":{}}],"line":134},"9":{"loc":{"start":{"line":135,"column":20},"end":{"line":135,"column":null}},"type":"cond-expr","locations":[{"start":{"line":135,"column":45},"end":{"line":135,"column":58}},{"start":{"line":135,"column":58},"end":{"line":135,"column":null}}],"line":135},"10":{"loc":{"start":{"line":136,"column":22},"end":{"line":136,"column":null}},"type":"cond-expr","locations":[{"start":{"line":136,"column":47},"end":{"line":136,"column":60}},{"start":{"line":136,"column":60},"end":{"line":136,"column":null}}],"line":136},"11":{"loc":{"start":{"line":141,"column":19},"end":{"line":141,"column":null}},"type":"cond-expr","locations":[{"start":{"line":141,"column":44},"end":{"line":141,"column":52}},{"start":{"line":141,"column":52},"end":{"line":141,"column":null}}],"line":141},"12":{"loc":{"start":{"line":157,"column":6},"end":{"line":159,"column":null}},"type":"if","locations":[{"start":{"line":157,"column":6},"end":{"line":159,"column":null}},{"start":{},"end":{}}],"line":157},"13":{"loc":{"start":{"line":175,"column":8},"end":{"line":178,"column":null}},"type":"if","locations":[{"start":{"line":175,"column":8},"end":{"line":178,"column":null}},{"start":{},"end":{}}],"line":175},"14":{"loc":{"start":{"line":175,"column":12},"end":{"line":175,"column":60}},"type":"binary-expr","locations":[{"start":{"line":175,"column":12},"end":{"line":175,"column":34}},{"start":{"line":175,"column":34},"end":{"line":175,"column":60}}],"line":175},"15":{"loc":{"start":{"line":181,"column":6},"end":{"line":183,"column":null}},"type":"if","locations":[{"start":{"line":181,"column":6},"end":{"line":183,"column":null}},{"start":{},"end":{}}],"line":181},"16":{"loc":{"start":{"line":191,"column":4},"end":{"line":194,"column":null}},"type":"if","locations":[{"start":{"line":191,"column":4},"end":{"line":194,"column":null}},{"start":{},"end":{}}],"line":191},"17":{"loc":{"start":{"line":204,"column":4},"end":{"line":206,"column":null}},"type":"if","locations":[{"start":{"line":204,"column":4},"end":{"line":206,"column":null}},{"start":{},"end":{}}],"line":204},"18":{"loc":{"start":{"line":223,"column":4},"end":{"line":225,"column":null}},"type":"if","locations":[{"start":{"line":223,"column":4},"end":{"line":225,"column":null}},{"start":{},"end":{}}],"line":223},"19":{"loc":{"start":{"line":223,"column":8},"end":{"line":223,"column":59}},"type":"binary-expr","locations":[{"start":{"line":223,"column":8},"end":{"line":223,"column":37}},{"start":{"line":223,"column":37},"end":{"line":223,"column":59}}],"line":223},"20":{"loc":{"start":{"line":242,"column":23},"end":{"line":242,"column":null}},"type":"cond-expr","locations":[{"start":{"line":242,"column":44},"end":{"line":242,"column":78}},{"start":{"line":242,"column":78},"end":{"line":242,"column":null}}],"line":242}},"s":{"0":26,"1":26,"2":26,"3":26,"4":26,"5":26,"6":3,"7":1,"8":2,"9":2,"10":1,"11":1,"12":22,"13":22,"14":0,"15":0,"16":0,"17":0,"18":22,"19":0,"20":0,"21":0,"22":0,"23":0,"24":0,"25":0,"26":0,"27":0,"28":0,"29":0,"30":0,"31":0,"32":0,"33":0,"34":0,"35":0,"36":0,"37":0,"38":0,"39":0,"40":0,"41":7,"42":7,"43":7,"44":0,"45":0,"46":0,"47":7,"48":0,"49":26,"50":0,"51":0,"52":0,"53":0,"54":0,"55":0,"56":0,"57":0,"58":0,"59":25,"60":24,"61":24,"62":4,"63":4,"64":11,"65":4,"66":1,"67":3,"68":11,"69":11,"70":5,"71":2,"72":3,"73":0,"74":0,"75":0,"76":0,"77":0,"78":0,"79":0,"80":0,"81":0,"82":1,"83":1},"f":{"0":26,"1":3,"2":22,"3":0,"4":0,"5":7,"6":0,"7":0,"8":26,"9":0,"10":0,"11":25,"12":4,"13":11,"14":11,"15":5,"16":0},"b":{"0":[1,2],"1":[2,0],"2":[1,1],"3":[0,22],"4":[0,0],"5":[0,0],"6":[0,0],"7":[0,0],"8":[0,0],"9":[0,0],"10":[0,0],"11":[0,0],"12":[0,0],"13":[0,0],"14":[0,0],"15":[0,0],"16":[24,1],"17":[1,3],"18":[2,3],"19":[5,3],"20":[0,0]},"meta":{"lastBranch":21,"lastFunction":17,"lastStatement":84,"seen":{"s:37:47:37:Infinity":0,"s:38:42:38:Infinity":1,"s:40:51:40:Infinity":2,"f:43:2:43:14":0,"s:44:4:44:Infinity":3,"s:45:4:45:Infinity":4,"s:46:4:46:Infinity":5,"f:52:8:52:20":1,"b:53:4:55:Infinity:undefined:undefined:undefined:undefined":0,"s:53:4:55:Infinity":6,"s:54:6:54:Infinity":7,"s:58:19:63:Infinity":8,"b:60:6:60:29:60:29:60:Infinity":1,"b:65:4:67:Infinity:undefined:undefined:undefined:undefined":2,"s:65:4:67:Infinity":9,"s:66:6:66:Infinity":10,"s:69:4:69:Infinity":11,"f:75:8:75:22":2,"s:76:10:76:Infinity":12,"b:78:4:90:Infinity:undefined:undefined:undefined:undefined":3,"s:78:4:90:Infinity":13,"s:80:6:89:Infinity":14,"b:82:8:87:Infinity:undefined:undefined:undefined:undefined":4,"s:82:8:87:Infinity":15,"s:83:10:86:Infinity":16,"s:88:8:88:Infinity":17,"s:92:4:92:Infinity":18,"f:98:16:98:43":3,"s:100:10:100:Infinity":19,"b:101:4:104:Infinity:undefined:undefined:undefined:undefined":5,"s:101:4:104:Infinity":20,"s:102:6:102:Infinity":21,"s:103:6:103:Infinity":22,"s:107:17:107:Infinity":23,"s:110:4:110:Infinity":24,"f:116:8:116:28":4,"s:118:21:118:Infinity":25,"b:120:4:123:Infinity:undefined:undefined:undefined:undefined":6,"s:120:4:123:Infinity":26,"s:121:6:121:Infinity":27,"s:122:6:122:Infinity":28,"b:126:4:130:Infinity:undefined:undefined:undefined:undefined":7,"s:126:4:130:Infinity":29,"s:127:6:127:Infinity":30,"s:128:6:128:Infinity":31,"s:129:6:129:Infinity":32,"s:133:17:133:Infinity":33,"b:134:4:138:Infinity:undefined:undefined:undefined:undefined":8,"s:134:4:138:Infinity":34,"s:135:6:135:Infinity":35,"b:135:45:135:58:135:58:135:Infinity":9,"s:136:6:136:Infinity":36,"b:136:47:136:60:136:60:136:Infinity":10,"s:137:6:137:Infinity":37,"s:141:19:141:Infinity":38,"b:141:44:141:52:141:52:141:Infinity":11,"s:142:4:142:Infinity":39,"s:145:4:145:Infinity":40,"f:151:2:151:78":5,"s:152:16:152:Infinity":41,"s:153:72:153:Infinity":42,"s:155:4:160:Infinity":43,"f:155:42:155:43":6,"s:156:23:156:Infinity":44,"b:157:6:159:Infinity:undefined:undefined:undefined:undefined":12,"s:157:6:159:Infinity":45,"s:158:8:158:Infinity":46,"s:162:4:162:Infinity":47,"f:162:24:162:25":7,"s:162:34:162:69":48,"f:168:10:168:39":8,"s:169:4:184:Infinity":49,"f:169:39:169:45":9,"s:170:18:170:Infinity":50,"s:171:20:171:Infinity":51,"s:173:6:179:Infinity":52,"f:173:44:173:45":10,"s:174:25:174:Infinity":53,"b:175:8:178:Infinity:undefined:undefined:undefined:undefined":13,"s:175:8:178:Infinity":54,"b:175:12:175:34:175:34:175:60":14,"s:176:10:176:Infinity":55,"s:177:10:177:Infinity":56,"b:181:6:183:Infinity:undefined:undefined:undefined:undefined":15,"s:181:6:183:Infinity":57,"s:182:8:182:Infinity":58,"f:190:2:190:18":11,"b:191:4:194:Infinity:undefined:undefined:undefined:undefined":16,"s:191:4:194:Infinity":59,"s:192:6:192:Infinity":60,"s:193:6:193:Infinity":61,"f:200:2:200:14":12,"s:201:24:201:Infinity":62,"s:202:19:202:Infinity":63,"f:202:36:202:37":13,"s:202:46:202:71":64,"b:204:4:206:Infinity:undefined:undefined:undefined:undefined":17,"s:204:4:206:Infinity":65,"s:205:6:205:Infinity":66,"s:208:4:208:Infinity":67,"f:214:2:214:18":14,"s:215:4:215:Infinity":68,"s:216:4:216:Infinity":69,"f:222:2:222:71":15,"b:223:4:225:Infinity:undefined:undefined:undefined:undefined":18,"s:223:4:225:Infinity":70,"b:223:8:223:37:223:37:223:59":19,"s:224:6:224:Infinity":71,"s:226:4:229:Infinity":72,"f:235:10:235:34":16,"s:236:17:236:Infinity":73,"s:237:15:237:Infinity":74,"s:238:4:238:Infinity":75,"s:241:18:241:Infinity":76,"s:242:23:242:Infinity":77,"b:242:44:242:78:242:78:242:Infinity":20,"s:243:4:243:Infinity":78,"s:245:4:245:Infinity":79,"s:246:4:246:Infinity":80,"s:248:4:248:Infinity":81,"s:253:35:253:Infinity":82,"s:254:33:254:Infinity":83}}}
,"/Users/jiang/development/claudphone/electron_app/src/bot/reducer/reducer.ts": {"path":"/Users/jiang/development/claudphone/electron_app/src/bot/reducer/reducer.ts","statementMap":{"0":{"start":{"line":61,"column":2},"end":{"line":61,"column":null}},"1":{"start":{"line":66,"column":2},"end":{"line":66,"column":null}},"2":{"start":{"line":71,"column":2},"end":{"line":71,"column":null}},"3":{"start":{"line":76,"column":2},"end":{"line":76,"column":null}},"4":{"start":{"line":88,"column":33},"end":{"line":88,"column":null}},"5":{"start":{"line":89,"column":43},"end":{"line":89,"column":null}},"6":{"start":{"line":90,"column":18},"end":{"line":90,"column":null}},"7":{"start":{"line":96,"column":2},"end":{"line":137,"column":null}},"8":{"start":{"line":97,"column":21},"end":{"line":97,"column":null}},"9":{"start":{"line":98,"column":4},"end":{"line":136,"column":null}},"10":{"start":{"line":100,"column":6},"end":{"line":102,"column":null}},"11":{"start":{"line":101,"column":8},"end":{"line":101,"column":null}},"12":{"start":{"line":104,"column":18},"end":{"line":104,"column":null}},"13":{"start":{"line":107,"column":45},"end":{"line":123,"column":null}},"14":{"start":{"line":125,"column":6},"end":{"line":125,"column":null}},"15":{"start":{"line":126,"column":6},"end":{"line":126,"column":null}},"16":{"start":{"line":127,"column":6},"end":{"line":132,"column":null}},"17":{"start":{"line":134,"column":6},"end":{"line":134,"column":null}},"18":{"start":{"line":135,"column":6},"end":{"line":135,"column":null}},"19":{"start":{"line":143,"column":2},"end":{"line":201,"column":null}},"20":{"start":{"line":145,"column":4},"end":{"line":147,"column":null}},"21":{"start":{"line":146,"column":6},"end":{"line":146,"column":null}},"22":{"start":{"line":148,"column":4},"end":{"line":150,"column":null}},"23":{"start":{"line":149,"column":6},"end":{"line":149,"column":null}},"24":{"start":{"line":153,"column":4},"end":{"line":153,"column":null}},"25":{"start":{"line":154,"column":4},"end":{"line":156,"column":null}},"26":{"start":{"line":155,"column":6},"end":{"line":155,"column":null}},"27":{"start":{"line":159,"column":4},"end":{"line":200,"column":null}},"28":{"start":{"line":161,"column":27},"end":{"line":161,"column":null}},"29":{"start":{"line":162,"column":24},"end":{"line":162,"column":null}},"30":{"start":{"line":163,"column":22},"end":{"line":163,"column":null}},"31":{"start":{"line":165,"column":39},"end":{"line":173,"column":null}},"32":{"start":{"line":175,"column":6},"end":{"line":175,"column":null}},"33":{"start":{"line":176,"column":6},"end":{"line":176,"column":null}},"34":{"start":{"line":177,"column":6},"end":{"line":177,"column":null}},"35":{"start":{"line":178,"column":4},"end":{"line":200,"column":null}},"36":{"start":{"line":182,"column":27},"end":{"line":182,"column":null}},"37":{"start":{"line":183,"column":6},"end":{"line":199,"column":null}},"38":{"start":{"line":184,"column":8},"end":{"line":198,"column":null}},"39":{"start":{"line":185,"column":45},"end":{"line":193,"column":null}},"40":{"start":{"line":195,"column":10},"end":{"line":195,"column":null}},"41":{"start":{"line":196,"column":10},"end":{"line":196,"column":null}},"42":{"start":{"line":197,"column":10},"end":{"line":197,"column":null}},"43":{"start":{"line":207,"column":2},"end":{"line":272,"column":null}},"44":{"start":{"line":208,"column":4},"end":{"line":271,"column":null}},"45":{"start":{"line":209,"column":27},"end":{"line":209,"column":null}},"46":{"start":{"line":210,"column":6},"end":{"line":270,"column":null}},"47":{"start":{"line":211,"column":8},"end":{"line":269,"column":null}},"48":{"start":{"line":212,"column":32},"end":{"line":212,"column":null}},"49":{"start":{"line":214,"column":10},"end":{"line":268,"column":null}},"50":{"start":{"line":216,"column":29},"end":{"line":216,"column":null}},"51":{"start":{"line":217,"column":12},"end":{"line":237,"column":null}},"52":{"start":{"line":219,"column":47},"end":{"line":232,"column":null}},"53":{"start":{"line":234,"column":14},"end":{"line":234,"column":null}},"54":{"start":{"line":235,"column":14},"end":{"line":235,"column":null}},"55":{"start":{"line":236,"column":14},"end":{"line":236,"column":null}},"56":{"start":{"line":240,"column":25},"end":{"line":240,"column":null}},"57":{"start":{"line":242,"column":45},"end":{"line":262,"column":null}},"58":{"start":{"line":264,"column":12},"end":{"line":264,"column":null}},"59":{"start":{"line":265,"column":12},"end":{"line":265,"column":null}},"60":{"start":{"line":266,"column":12},"end":{"line":266,"column":null}},"61":{"start":{"line":267,"column":12},"end":{"line":267,"column":null}},"62":{"start":{"line":278,"column":2},"end":{"line":302,"column":null}},"63":{"start":{"line":279,"column":4},"end":{"line":301,"column":null}},"64":{"start":{"line":280,"column":27},"end":{"line":280,"column":null}},"65":{"start":{"line":281,"column":6},"end":{"line":300,"column":null}},"66":{"start":{"line":282,"column":8},"end":{"line":299,"column":null}},"67":{"start":{"line":283,"column":24},"end":{"line":283,"column":null}},"68":{"start":{"line":284,"column":10},"end":{"line":284,"column":null}},"69":{"start":{"line":284,"column":22},"end":{"line":284,"column":null}},"70":{"start":{"line":286,"column":27},"end":{"line":286,"column":null}},"71":{"start":{"line":287,"column":10},"end":{"line":287,"column":null}},"72":{"start":{"line":287,"column":57},"end":{"line":287,"column":null}},"73":{"start":{"line":290,"column":10},"end":{"line":290,"column":null}},"74":{"start":{"line":291,"column":10},"end":{"line":291,"column":null}},"75":{"start":{"line":292,"column":10},"end":{"line":292,"column":null}},"76":{"start":{"line":295,"column":10},"end":{"line":295,"column":null}},"77":{"start":{"line":297,"column":10},"end":{"line":297,"column":null}},"78":{"start":{"line":298,"column":10},"end":{"line":298,"column":null}},"79":{"start":{"line":315,"column":2},"end":{"line":340,"column":null}},"80":{"start":{"line":316,"column":4},"end":{"line":339,"column":null}},"81":{"start":{"line":318,"column":27},"end":{"line":318,"column":null}},"82":{"start":{"line":319,"column":26},"end":{"line":319,"column":null}},"83":{"start":{"line":321,"column":25},"end":{"line":321,"column":null}},"84":{"start":{"line":323,"column":37},"end":{"line":334,"column":null}},"85":{"start":{"line":336,"column":6},"end":{"line":336,"column":null}},"86":{"start":{"line":337,"column":6},"end":{"line":337,"column":null}},"87":{"start":{"line":338,"column":6},"end":{"line":338,"column":null}},"88":{"start":{"line":343,"column":2},"end":{"line":343,"column":null}},"89":{"start":{"line":344,"column":2},"end":{"line":344,"column":null}},"90":{"start":{"line":346,"column":2},"end":{"line":351,"column":null}},"91":{"start":{"line":347,"column":47},"end":{"line":347,"column":70}},"92":{"start":{"line":359,"column":2},"end":{"line":359,"column":null}},"93":{"start":{"line":364,"column":2},"end":{"line":368,"column":null}},"94":{"start":{"line":365,"column":18},"end":{"line":365,"column":null}},"95":{"start":{"line":366,"column":17},"end":{"line":366,"column":null}},"96":{"start":{"line":367,"column":4},"end":{"line":367,"column":null}},"97":{"start":{"line":369,"column":2},"end":{"line":372,"column":null}},"98":{"start":{"line":370,"column":18},"end":{"line":370,"column":null}},"99":{"start":{"line":371,"column":4},"end":{"line":371,"column":null}},"100":{"start":{"line":373,"column":2},"end":{"line":373,"column":null}},"101":{"start":{"line":377,"column":2},"end":{"line":383,"column":null}},"102":{"start":{"line":378,"column":4},"end":{"line":378,"column":null}},"103":{"start":{"line":379,"column":2},"end":{"line":383,"column":null}},"104":{"start":{"line":380,"column":4},"end":{"line":380,"column":null}},"105":{"start":{"line":382,"column":4},"end":{"line":382,"column":null}},"106":{"start":{"line":390,"column":2},"end":{"line":390,"column":null}}},"fnMap":{"0":{"name":"isTextBlock","decl":{"start":{"line":60,"column":9},"end":{"line":60,"column":21}},"loc":{"start":{"line":60,"column":57},"end":{"line":62,"column":null}},"line":60},"1":{"name":"isToolCallBlock","decl":{"start":{"line":65,"column":9},"end":{"line":65,"column":25}},"loc":{"start":{"line":65,"column":65},"end":{"line":67,"column":null}},"line":65},"2":{"name":"isToolResultBlock","decl":{"start":{"line":70,"column":9},"end":{"line":70,"column":27}},"loc":{"start":{"line":70,"column":69},"end":{"line":72,"column":null}},"line":70},"3":{"name":"isEventBlock","decl":{"start":{"line":75,"column":9},"end":{"line":75,"column":22}},"loc":{"start":{"line":75,"column":59},"end":{"line":77,"column":null}},"line":75},"4":{"name":"messageReducer","decl":{"start":{"line":82,"column":16},"end":{"line":82,"column":null}},"loc":{"start":{"line":86,"column":17},"end":{"line":352,"column":null}},"line":86},"5":{"name":"(anonymous_5)","decl":{"start":{"line":347,"column":41},"end":{"line":347,"column":47}},"loc":{"start":{"line":347,"column":47},"end":{"line":347,"column":70}},"line":347},"6":{"name":"allocateId","decl":{"start":{"line":358,"column":9},"end":{"line":358,"column":30}},"loc":{"start":{"line":358,"column":30},"end":{"line":360,"column":null}},"line":358},"7":{"name":"generateToolSummary","decl":{"start":{"line":362,"column":9},"end":{"line":362,"column":29}},"loc":{"start":{"line":362,"column":94},"end":{"line":374,"column":null}},"line":362},"8":{"name":"generateToolResultSummary","decl":{"start":{"line":376,"column":9},"end":{"line":376,"column":35}},"loc":{"start":{"line":376,"column":95},"end":{"line":384,"column":null}},"line":376},"9":{"name":"createReducerState","decl":{"start":{"line":389,"column":16},"end":{"line":389,"column":51}},"loc":{"start":{"line":389,"column":51},"end":{"line":391,"column":null}},"line":389}},"branchMap":{"0":{"loc":{"start":{"line":61,"column":9},"end":{"line":61,"column":null}},"type":"binary-expr","locations":[{"start":{"line":61,"column":9},"end":{"line":61,"column":38}},{"start":{"line":61,"column":38},"end":{"line":61,"column":56}},{"start":{"line":61,"column":56},"end":{"line":61,"column":75}},{"start":{"line":61,"column":75},"end":{"line":61,"column":null}}],"line":61},"1":{"loc":{"start":{"line":66,"column":9},"end":{"line":66,"column":null}},"type":"binary-expr","locations":[{"start":{"line":66,"column":9},"end":{"line":66,"column":38}},{"start":{"line":66,"column":38},"end":{"line":66,"column":56}},{"start":{"line":66,"column":56},"end":{"line":66,"column":75}},{"start":{"line":66,"column":75},"end":{"line":66,"column":null}}],"line":66},"2":{"loc":{"start":{"line":71,"column":9},"end":{"line":71,"column":null}},"type":"binary-expr","locations":[{"start":{"line":71,"column":9},"end":{"line":71,"column":38}},{"start":{"line":71,"column":38},"end":{"line":71,"column":56}},{"start":{"line":71,"column":56},"end":{"line":71,"column":75}},{"start":{"line":71,"column":75},"end":{"line":71,"column":null}}],"line":71},"3":{"loc":{"start":{"line":76,"column":9},"end":{"line":76,"column":null}},"type":"binary-expr","locations":[{"start":{"line":76,"column":9},"end":{"line":76,"column":38}},{"start":{"line":76,"column":38},"end":{"line":76,"column":56}},{"start":{"line":76,"column":56},"end":{"line":76,"column":75}},{"start":{"line":76,"column":75},"end":{"line":76,"column":null}}],"line":76},"4":{"loc":{"start":{"line":96,"column":2},"end":{"line":137,"column":null}},"type":"if","locations":[{"start":{"line":96,"column":2},"end":{"line":137,"column":null}},{"start":{},"end":{}}],"line":96},"5":{"loc":{"start":{"line":96,"column":6},"end":{"line":96,"column":80}},"type":"binary-expr","locations":[{"start":{"line":96,"column":6},"end":{"line":96,"column":20}},{"start":{"line":96,"column":20},"end":{"line":96,"column":54}},{"start":{"line":96,"column":54},"end":{"line":96,"column":80}}],"line":96},"6":{"loc":{"start":{"line":100,"column":6},"end":{"line":102,"column":null}},"type":"if","locations":[{"start":{"line":100,"column":6},"end":{"line":102,"column":null}},{"start":{},"end":{}}],"line":100},"7":{"loc":{"start":{"line":110,"column":19},"end":{"line":110,"column":null}},"type":"binary-expr","locations":[{"start":{"line":110,"column":19},"end":{"line":110,"column":36}},{"start":{"line":110,"column":36},"end":{"line":110,"column":null}}],"line":110},"8":{"loc":{"start":{"line":115,"column":20},"end":{"line":115,"column":null}},"type":"binary-expr","locations":[{"start":{"line":115,"column":20},"end":{"line":115,"column":32}},{"start":{"line":115,"column":32},"end":{"line":115,"column":null}}],"line":115},"9":{"loc":{"start":{"line":116,"column":17},"end":{"line":116,"column":null}},"type":"binary-expr","locations":[{"start":{"line":116,"column":17},"end":{"line":116,"column":34}},{"start":{"line":116,"column":34},"end":{"line":116,"column":null}}],"line":116},"10":{"loc":{"start":{"line":128,"column":18},"end":{"line":128,"column":null}},"type":"binary-expr","locations":[{"start":{"line":128,"column":18},"end":{"line":128,"column":30}},{"start":{"line":128,"column":30},"end":{"line":128,"column":null}}],"line":128},"11":{"loc":{"start":{"line":129,"column":15},"end":{"line":129,"column":null}},"type":"binary-expr","locations":[{"start":{"line":129,"column":15},"end":{"line":129,"column":32}},{"start":{"line":129,"column":32},"end":{"line":129,"column":null}}],"line":129},"12":{"loc":{"start":{"line":130,"column":19},"end":{"line":130,"column":null}},"type":"binary-expr","locations":[{"start":{"line":130,"column":19},"end":{"line":130,"column":36}},{"start":{"line":130,"column":36},"end":{"line":130,"column":null}}],"line":130},"13":{"loc":{"start":{"line":145,"column":4},"end":{"line":147,"column":null}},"type":"if","locations":[{"start":{"line":145,"column":4},"end":{"line":147,"column":null}},{"start":{},"end":{}}],"line":145},"14":{"loc":{"start":{"line":145,"column":8},"end":{"line":145,"column":56}},"type":"binary-expr","locations":[{"start":{"line":145,"column":8},"end":{"line":145,"column":23}},{"start":{"line":145,"column":23},"end":{"line":145,"column":56}}],"line":145},"15":{"loc":{"start":{"line":148,"column":4},"end":{"line":150,"column":null}},"type":"if","locations":[{"start":{"line":148,"column":4},"end":{"line":150,"column":null}},{"start":{},"end":{}}],"line":148},"16":{"loc":{"start":{"line":154,"column":4},"end":{"line":156,"column":null}},"type":"if","locations":[{"start":{"line":154,"column":4},"end":{"line":156,"column":null}},{"start":{},"end":{}}],"line":154},"17":{"loc":{"start":{"line":159,"column":4},"end":{"line":200,"column":null}},"type":"if","locations":[{"start":{"line":159,"column":4},"end":{"line":200,"column":null}},{"start":{"line":178,"column":4},"end":{"line":200,"column":null}}],"line":159},"18":{"loc":{"start":{"line":161,"column":27},"end":{"line":161,"column":null}},"type":"cond-expr","locations":[{"start":{"line":161,"column":56},"end":{"line":161,"column":70}},{"start":{"line":161,"column":70},"end":{"line":161,"column":null}}],"line":161},"19":{"loc":{"start":{"line":163,"column":22},"end":{"line":163,"column":null}},"type":"binary-expr","locations":[{"start":{"line":163,"column":22},"end":{"line":163,"column":41}},{"start":{"line":163,"column":41},"end":{"line":163,"column":null}}],"line":163},"20":{"loc":{"start":{"line":178,"column":4},"end":{"line":200,"column":null}},"type":"if","locations":[{"start":{"line":178,"column":4},"end":{"line":200,"column":null}},{"start":{},"end":{}}],"line":178},"21":{"loc":{"start":{"line":182,"column":27},"end":{"line":182,"column":null}},"type":"cond-expr","locations":[{"start":{"line":182,"column":56},"end":{"line":182,"column":70}},{"start":{"line":182,"column":70},"end":{"line":182,"column":null}}],"line":182},"22":{"loc":{"start":{"line":184,"column":8},"end":{"line":198,"column":null}},"type":"if","locations":[{"start":{"line":184,"column":8},"end":{"line":198,"column":null}},{"start":{},"end":{}}],"line":184},"23":{"loc":{"start":{"line":208,"column":4},"end":{"line":271,"column":null}},"type":"if","locations":[{"start":{"line":208,"column":4},"end":{"line":271,"column":null}},{"start":{},"end":{}}],"line":208},"24":{"loc":{"start":{"line":209,"column":27},"end":{"line":209,"column":null}},"type":"cond-expr","locations":[{"start":{"line":209,"column":56},"end":{"line":209,"column":70}},{"start":{"line":209,"column":70},"end":{"line":209,"column":null}}],"line":209},"25":{"loc":{"start":{"line":211,"column":8},"end":{"line":269,"column":null}},"type":"if","locations":[{"start":{"line":211,"column":8},"end":{"line":269,"column":null}},{"start":{},"end":{}}],"line":211},"26":{"loc":{"start":{"line":214,"column":10},"end":{"line":268,"column":null}},"type":"if","locations":[{"start":{"line":214,"column":10},"end":{"line":268,"column":null}},{"start":{"line":238,"column":17},"end":{"line":268,"column":null}}],"line":214},"27":{"loc":{"start":{"line":217,"column":12},"end":{"line":237,"column":null}},"type":"if","locations":[{"start":{"line":217,"column":12},"end":{"line":237,"column":null}},{"start":{},"end":{}}],"line":217},"28":{"loc":{"start":{"line":217,"column":16},"end":{"line":217,"column":59}},"type":"binary-expr","locations":[{"start":{"line":217,"column":16},"end":{"line":217,"column":28}},{"start":{"line":217,"column":16},"end":{"line":217,"column":59}}],"line":217},"29":{"loc":{"start":{"line":226,"column":31},"end":{"line":226,"column":null}},"type":"binary-expr","locations":[{"start":{"line":226,"column":31},"end":{"line":226,"column":45}},{"start":{"line":226,"column":45},"end":{"line":226,"column":null}}],"line":226},"30":{"loc":{"start":{"line":250,"column":23},"end":{"line":250,"column":null}},"type":"cond-expr","locations":[{"start":{"line":250,"column":53},"end":{"line":250,"column":65}},{"start":{"line":250,"column":65},"end":{"line":250,"column":null}}],"line":250},"31":{"loc":{"start":{"line":252,"column":29},"end":{"line":252,"column":null}},"type":"binary-expr","locations":[{"start":{"line":252,"column":29},"end":{"line":252,"column":43}},{"start":{"line":252,"column":43},"end":{"line":252,"column":null}}],"line":252},"32":{"loc":{"start":{"line":253,"column":27},"end":{"line":253,"column":null}},"type":"binary-expr","locations":[{"start":{"line":253,"column":27},"end":{"line":253,"column":46}},{"start":{"line":253,"column":46},"end":{"line":253,"column":null}}],"line":253},"33":{"loc":{"start":{"line":256,"column":26},"end":{"line":260,"column":null}},"type":"cond-expr","locations":[{"start":{"line":256,"column":33},"end":{"line":260,"column":18}},{"start":{"line":260,"column":18},"end":{"line":260,"column":null}}],"line":256},"34":{"loc":{"start":{"line":279,"column":4},"end":{"line":301,"column":null}},"type":"if","locations":[{"start":{"line":279,"column":4},"end":{"line":301,"column":null}},{"start":{},"end":{}}],"line":279},"35":{"loc":{"start":{"line":280,"column":27},"end":{"line":280,"column":null}},"type":"cond-expr","locations":[{"start":{"line":280,"column":56},"end":{"line":280,"column":70}},{"start":{"line":280,"column":70},"end":{"line":280,"column":null}}],"line":280},"36":{"loc":{"start":{"line":282,"column":8},"end":{"line":299,"column":null}},"type":"if","locations":[{"start":{"line":282,"column":8},"end":{"line":299,"column":null}},{"start":{},"end":{}}],"line":282},"37":{"loc":{"start":{"line":284,"column":10},"end":{"line":284,"column":null}},"type":"if","locations":[{"start":{"line":284,"column":10},"end":{"line":284,"column":null}},{"start":{},"end":{}}],"line":284},"38":{"loc":{"start":{"line":287,"column":10},"end":{"line":287,"column":null}},"type":"if","locations":[{"start":{"line":287,"column":10},"end":{"line":287,"column":null}},{"start":{},"end":{}}],"line":287},"39":{"loc":{"start":{"line":287,"column":14},"end":{"line":287,"column":57}},"type":"binary-expr","locations":[{"start":{"line":287,"column":14},"end":{"line":287,"column":27}},{"start":{"line":287,"column":27},"end":{"line":287,"column":57}}],"line":287},"40":{"loc":{"start":{"line":290,"column":32},"end":{"line":290,"column":null}},"type":"cond-expr","locations":[{"start":{"line":290,"column":49},"end":{"line":290,"column":59}},{"start":{"line":290,"column":59},"end":{"line":290,"column":null}}],"line":290},"41":{"loc":{"start":{"line":316,"column":4},"end":{"line":339,"column":null}},"type":"if","locations":[{"start":{"line":316,"column":4},"end":{"line":339,"column":null}},{"start":{},"end":{}}],"line":316},"42":{"loc":{"start":{"line":316,"column":8},"end":{"line":316,"column":55}},"type":"binary-expr","locations":[{"start":{"line":316,"column":8},"end":{"line":316,"column":33}},{"start":{"line":316,"column":33},"end":{"line":316,"column":55}}],"line":316},"43":{"loc":{"start":{"line":318,"column":27},"end":{"line":318,"column":null}},"type":"cond-expr","locations":[{"start":{"line":318,"column":56},"end":{"line":318,"column":70}},{"start":{"line":318,"column":70},"end":{"line":318,"column":null}}],"line":318},"44":{"loc":{"start":{"line":319,"column":26},"end":{"line":319,"column":null}},"type":"binary-expr","locations":[{"start":{"line":319,"column":26},"end":{"line":319,"column":45}},{"start":{"line":319,"column":45},"end":{"line":319,"column":null}}],"line":319},"45":{"loc":{"start":{"line":321,"column":25},"end":{"line":321,"column":null}},"type":"cond-expr","locations":[{"start":{"line":321,"column":52},"end":{"line":321,"column":65}},{"start":{"line":321,"column":65},"end":{"line":321,"column":null}}],"line":321},"46":{"loc":{"start":{"line":330,"column":16},"end":{"line":330,"column":null}},"type":"binary-expr","locations":[{"start":{"line":330,"column":16},"end":{"line":330,"column":42}},{"start":{"line":330,"column":42},"end":{"line":330,"column":null}}],"line":330},"47":{"loc":{"start":{"line":364,"column":2},"end":{"line":368,"column":null}},"type":"if","locations":[{"start":{"line":364,"column":2},"end":{"line":368,"column":null}},{"start":{},"end":{}}],"line":364},"48":{"loc":{"start":{"line":366,"column":17},"end":{"line":366,"column":null}},"type":"binary-expr","locations":[{"start":{"line":366,"column":17},"end":{"line":366,"column":59}},{"start":{"line":366,"column":59},"end":{"line":366,"column":96}},{"start":{"line":366,"column":96},"end":{"line":366,"column":null}}],"line":366},"49":{"loc":{"start":{"line":367,"column":11},"end":{"line":367,"column":null}},"type":"cond-expr","locations":[{"start":{"line":367,"column":29},"end":{"line":367,"column":60}},{"start":{"line":367,"column":60},"end":{"line":367,"column":null}}],"line":367},"50":{"loc":{"start":{"line":369,"column":2},"end":{"line":372,"column":null}},"type":"if","locations":[{"start":{"line":369,"column":2},"end":{"line":372,"column":null}},{"start":{},"end":{}}],"line":369},"51":{"loc":{"start":{"line":371,"column":12},"end":{"line":371,"column":null}},"type":"binary-expr","locations":[{"start":{"line":371,"column":12},"end":{"line":371,"column":50}},{"start":{"line":371,"column":50},"end":{"line":371,"column":null}}],"line":371},"52":{"loc":{"start":{"line":377,"column":2},"end":{"line":383,"column":null}},"type":"if","locations":[{"start":{"line":377,"column":2},"end":{"line":383,"column":null}},{"start":{"line":379,"column":2},"end":{"line":383,"column":null}}],"line":377},"53":{"loc":{"start":{"line":379,"column":2},"end":{"line":383,"column":null}},"type":"if","locations":[{"start":{"line":379,"column":2},"end":{"line":383,"column":null}},{"start":{"line":381,"column":9},"end":{"line":383,"column":null}}],"line":379}},"s":{"0":41,"1":22,"2":22,"3":3,"4":45,"5":45,"6":45,"7":45,"8":2,"9":2,"10":2,"11":1,"12":1,"13":1,"14":2,"15":2,"16":2,"17":2,"18":2,"19":45,"20":48,"21":1,"22":47,"23":1,"24":46,"25":46,"26":2,"27":46,"28":22,"29":22,"30":22,"31":22,"32":22,"33":22,"34":22,"35":24,"36":21,"37":21,"38":22,"39":7,"40":7,"41":7,"42":7,"43":45,"44":48,"45":21,"46":21,"47":22,"48":11,"49":11,"50":0,"51":0,"52":0,"53":0,"54":0,"55":0,"56":11,"57":11,"58":11,"59":11,"60":11,"61":11,"62":45,"63":48,"64":21,"65":21,"66":22,"67":4,"68":4,"69":1,"70":3,"71":3,"72":0,"73":3,"74":4,"75":4,"76":4,"77":4,"78":4,"79":45,"80":48,"81":3,"82":3,"83":3,"84":3,"85":3,"86":3,"87":3,"88":45,"89":45,"90":45,"91":46,"92":44,"93":11,"94":9,"95":9,"96":9,"97":2,"98":2,"99":2,"100":0,"101":3,"102":2,"103":1,"104":1,"105":0,"106":47},"f":{"0":41,"1":22,"2":22,"3":3,"4":45,"5":46,"6":44,"7":11,"8":3,"9":47},"b":{"0":[41,41,41,41],"1":[22,22
[...]
line":227,"column":null}},{"start":{},"end":{}}],"line":225},"18":{"loc":{"start":{"line":237,"column":4},"end":{"line":239,"column":null}},"type":"if","locations":[{"start":{"line":237,"column":4},"end":{"line":239,"column":null}},{"start":{},"end":{}}],"line":237},"19":{"loc":{"start":{"line":250,"column":4},"end":{"line":252,"column":null}},"type":"if","locations":[{"start":{"line":250,"column":4},"end":{"line":252,"column":null}},{"start":{},"end":{}}],"line":250},"20":{"loc":{"start":{"line":262,"column":4},"end":{"line":264,"column":null}},"type":"if","locations":[{"start":{"line":262,"column":4},"end":{"line":264,"column":null}},{"start":{},"end":{}}],"line":262},"21":{"loc":{"start":{"line":275,"column":4},"end":{"line":277,"column":null}},"type":"if","locations":[{"start":{"line":275,"column":4},"end":{"line":277,"column":null}},{"start":{},"end":{}}],"line":275},"22":{"loc":{"start":{"line":288,"column":4},"end":{"line":290,"column":null}},"type":"if","locations":[{"start":{"line":288,"column":4},"end":{"line":290,"column":null}},{"start":{},"end":{}}],"line":288},"23":{"loc":{"start":{"line":301,"column":4},"end":{"line":303,"column":null}},"type":"if","locations":[{"start":{"line":301,"column":4},"end":{"line":303,"column":null}},{"start":{},"end":{}}],"line":301},"24":{"loc":{"start":{"line":314,"column":4},"end":{"line":316,"column":null}},"type":"if","locations":[{"start":{"line":314,"column":4},"end":{"line":316,"column":null}},{"start":{},"end":{}}],"line":314},"25":{"loc":{"start":{"line":326,"column":4},"end":{"line":328,"column":null}},"type":"if","locations":[{"start":{"line":326,"column":4},"end":{"line":328,"column":null}},{"start":{},"end":{}}],"line":326},"26":{"loc":{"start":{"line":339,"column":4},"end":{"line":341,"column":null}},"type":"if","locations":[{"start":{"line":339,"column":4},"end":{"line":341,"column":null}},{"start":{},"end":{}}],"line":339},"27":{"loc":{"start":{"line":352,"column":4},"end":{"line":354,"column":null}},"type":"if","locations":[{"start":{"line":352,"column":4},"end":{"line":354,"column":null}},{"start":{},"end":{}}],"line":352},"28":{"loc":{"start":{"line":365,"column":4},"end":{"line":367,"column":null}},"type":"if","locations":[{"start":{"line":365,"column":4},"end":{"line":367,"column":null}},{"start":{},"end":{}}],"line":365},"29":{"loc":{"start":{"line":378,"column":4},"end":{"line":380,"column":null}},"type":"if","locations":[{"start":{"line":378,"column":4},"end":{"line":380,"column":null}},{"start":{},"end":{}}],"line":378},"30":{"loc":{"start":{"line":391,"column":4},"end":{"line":393,"column":null}},"type":"if","locations":[{"start":{"line":391,"column":4},"end":{"line":393,"column":null}},{"start":{},"end":{}}],"line":391},"31":{"loc":{"start":{"line":403,"column":4},"end":{"line":405,"column":null}},"type":"if","locations":[{"start":{"line":403,"column":4},"end":{"line":405,"column":null}},{"start":{},"end":{}}],"line":403},"32":{"loc":{"start":{"line":414,"column":4},"end":{"line":416,"column":null}},"type":"if","locations":[{"start":{"line":414,"column":4},"end":{"line":416,"column":null}},{"start":{},"end":{}}],"line":414},"33":{"loc":{"start":{"line":425,"column":4},"end":{"line":427,"column":null}},"type":"if","locations":[{"start":{"line":425,"column":4},"end":{"line":427,"column":null}},{"start":{},"end":{}}],"line":425},"34":{"loc":{"start":{"line":436,"column":4},"end":{"line":438,"column":null}},"type":"if","locations":[{"start":{"line":436,"column":4},"end":{"line":438,"column":null}},{"start":{},"end":{}}],"line":436},"35":{"loc":{"start":{"line":451,"column":4},"end":{"line":454,"column":null}},"type":"if","locations":[{"start":{"line":451,"column":4},"end":{"line":454,"column":null}},{"start":{},"end":{}}],"line":451},"36":{"loc":{"start":{"line":463,"column":4},"end":{"line":465,"column":null}},"type":"if","locations":[{"start":{"line":463,"column":4},"end":{"line":465,"column":null}},{"start":{},"end":{}}],"line":463},"37":{"loc":{"start":{"line":474,"column":4},"end":{"line":476,"column":null}},"type":"if","locations":[{"start":{"line":474,"column":4},"end":{"line":476,"column":null}},{"start":{},"end":{}}],"line":474},"38":{"loc":{"start":{"line":484,"column":21},"end":{"line":484,"column":58}},"type":"default-arg","locations":[{"start":{"line":484,"column":47},"end":{"line":484,"column":58}}],"line":484},"39":{"loc":{"start":{"line":485,"column":4},"end":{"line":487,"column":null}},"type":"if","locations":[{"start":{"line":485,"column":4},"end":{"line":487,"column":null}},{"start":{},"end":{}}],"line":485},"40":{"loc":{"start":{"line":502,"column":4},"end":{"line":506,"column":null}},"type":"if","locations":[{"start":{"line":502,"column":4},"end":{"line":506,"column":null}},{"start":{"line":504,"column":11},"end":{"line":506,"column":null}}],"line":502},"41":{"loc":{"start":{"line":513,"column":4},"end":{"line":515,"column":null}},"type":"if","locations":[{"start":{"line":513,"column":4},"end":{"line":515,"column":null}},{"start":{},"end":{}}],"line":513},"42":{"loc":{"start":{"line":534,"column":4},"end":{"line":536,"column":null}},"type":"if","locations":[{"start":{"line":534,"column":4},"end":{"line":536,"column":null}},{"start":{},"end":{}}],"line":534},"43":{"loc":{"start":{"line":545,"column":4},"end":{"line":547,"column":null}},"type":"if","locations":[{"start":{"line":545,"column":4},"end":{"line":547,"column":null}},{"start":{},"end":{}}],"line":545},"44":{"loc":{"start":{"line":564,"column":4},"end":{"line":567,"column":null}},"type":"if","locations":[{"start":{"line":564,"column":4},"end":{"line":567,"column":null}},{"start":{},"end":{}}],"line":564},"45":{"loc":{"start":{"line":577,"column":4},"end":{"line":579,"column":null}},"type":"if","locations":[{"start":{"line":577,"column":4},"end":{"line":579,"column":null}},{"start":{},"end":{}}],"line":577},"46":{"loc":{"start":{"line":588,"column":4},"end":{"line":590,"column":null}},"type":"if","locations":[{"start":{"line":588,"column":4},"end":{"line":590,"column":null}},{"start":{},"end":{}}],"line":588},"47":{"loc":{"start":{"line":599,"column":4},"end":{"line":601,"column":null}},"type":"if","locations":[{"start":{"line":599,"column":4},"end":{"line":601,"column":null}},{"start":{},"end":{}}],"line":599},"48":{"loc":{"start":{"line":610,"column":4},"end":{"line":612,"column":null}},"type":"if","locations":[{"start":{"line":610,"column":4},"end":{"line":612,"column":null}},{"start":{},"end":{}}],"line":610},"49":{"loc":{"start":{"line":623,"column":4},"end":{"line":625,"column":null}},"type":"if","locations":[{"start":{"line":623,"column":4},"end":{"line":625,"column":null}},{"start":{},"end":{}}],"line":623},"50":{"loc":{"start":{"line":634,"column":4},"end":{"line":636,"column":null}},"type":"if","locations":[{"start":{"line":634,"column":4},"end":{"line":636,"column":null}},{"start":{},"end":{}}],"line":634},"51":{"loc":{"start":{"line":647,"column":4},"end":{"line":649,"column":null}},"type":"if","locations":[{"start":{"line":647,"column":4},"end":{"line":649,"column":null}},{"start":{},"end":{}}],"line":647},"52":{"loc":{"start":{"line":657,"column":12},"end":{"line":657,"column":null}},"type":"cond-expr","locations":[{"start":{"line":657,"column":45},"end":{"line":657,"column":90}},{"start":{"line":657,"column":90},"end":{"line":657,"column":null}}],"line":657},"53":{"loc":{"start":{"line":657,"column":45},"end":{"line":657,"column":90}},"type":"binary-expr","locations":[{"start":{"line":657,"column":45},"end":{"line":657,"column":77}},{"start":{"line":657,"column":77},"end":{"line":657,"column":90}}],"line":657}},"s":{"0":1,"1":0,"2":0,"3":0,"4":0,"5":0,"6":0,"7":0,"8":0,"9":0,"10":0,"11":0,"12":0,"13":0,"14":0,"15":0,"16":0,"17":0,"18":0,"19":0,"20":0,"21":0,"22":0,"23":0,"24":0,"25":0,"26":0,"27":0,"28":0,"29":0,"30":0,"31":0,"32":0,"33":0,"34":0,"35":0,"36":0,"37":0,"38":0,"39":0,"40":0,"41":0,"42":0,"43":0,"44":0,"45":0,"46":0,"47":0,"48":0,"49":0,"50":0,"51":0,"52":0,"53":0,"54":0,"55":0,"56":0,"57":0,"58":0,"59":0,"60":0,"61":0,"62":0,"63":0,"64":0,"65":0,"66":0,"67":0,"68":0,"69":0,"70":0,"71":0,"72":0,"73":0,"74":0,"75":0,"76":0,"77":0,"78":0,"79":0,"80":0,"81":0,"82":0,"83":0,"84":0,"85":0,"86":0,"87":0,"88":0,"89":0,"90":0,"91":0,"92":0,"93":0,"94":0,"95":0,"96":0,"97":0,"98":0,"99":0,"100":0,"101":0,"102":0,"103":0,"104":0,"105":0,"106":0,"107":0,"108":0,"109":0,"110":0,"111":0,"112":0,"113":0,"114":0,"115":0,"116":0,"117":0,"118":0,"119":0,"120":0,"121":0,"122":0,"123":0,"124":0,"125":0,"126":0,"127":0,"128":0,"129":0,"130":0,"131":0,"132":0,"133":0,"134":0,"135":0,"136":0,"137":0,"138":0,"139":0,"140":0,"141":0,"142":0,"143":0,"144":0,"145":0,"146":0,"147":0,"148":0,"149":0,"150":0,"151":0,"152":0,"153":0,"154":0,"155":0,"156":0,"157":0,"158":0,"159":0,"160":0,"161":0,"162":0,"163":0,"164":0,"165":0,"166":0,"167":0,"168":0,"169":0,"170":0,"171":0,"172":0,"173":0,"174":0,"175":0,"176":0,"177":0,"178":0,"179":0,"180":0,"181":0,"182":0,"183":0,"184":0,"185":0,"186":0,"187":0,"188":0,"189":0,"190":0,"191":0,"192":0,"193":0,"194":0,"195":0,"196":0,"197":0,"198":0,"199":0,"200":0,"201":0,"202":0,"203":0,"204":0},"f":{"0":0,"1":0,"2":0,"3":0,"4":0,"5":0,"6":0,"7":0,"8":0,"9":0,"10":0,"11":0,"12":0,"13":0,"14":0,"15":0,"16":0,"17":0,"18":0,"19":0,"20":0,"21":0,"22":0,"23":0,"24":0,"25":0,"26":0,"27":0,"28":0,"29":0,"30":0,"31":0,"32":0,"33":0,"34":0,"35":0,"36":0,"37":0,"38":0,"39":0,"40":0,"41":0,"42":0,"43":0,"44":0,"45":0,"46":0,"47":0,"48":0,"49":0,"50":0},"b":{"0":[0,0],"1":[0,0],"2":[0,0],"3":[0,0],"4":[0,0],"5":[0,0],"6":[0,0],"7":[0,0],"8":[0,0],"9":[0,0],"10":[0,0],"11":[0,0],"12":[0,0],"13":[0,0],"14":[0,0],"15":[0,0],"16":[0,0],"17":[0,0],"18":[0,0],"19":[0,0],"20":[0,0],"21":[0,0],"22":[0,0],"23":[0,0],"24":[0,0],"25":[0,0],"26":[0,0],"27":[0,0],"28":[0,0],"29":[0,0],"30":[0,0],"31":[0,0],"32":[0,0],"33":[0,0],"34":[0,0],"35":[0,0],"36":[0,0],"37":[0,0],"38":[0],"39":[0,0],"40":[0,0],"41":[0,0],"42":[0,0],"43":[0,0],"44":[0,0],"45":[0,0],"46":[0,0],"47":[0,0],"48":[0,0],"49":[0,0],"50":[0,0],"51":[0,0],"52":[1,0],"53":[1,0]},"meta":{"lastBranch":54,"lastFunction":51,"lastStatement":205,"seen":{"s:6:32:658:Infinity":0,"f:11:14:11:26":0,"b:12:4:14:Infinity:undefined:undefined:undefined:undefined":0,"s:12:4:14:Infinity":1,"s:13:6:13:Infinity":2,"s:15:4:15:Infinity":3,"s:16:4:16:Infinity":4,"f:23:12:23:24":1,"b:24:4:26:Infinity:undefined:undefined:undefined:undefined":1,"s:24:4:26:Infinity":5,"s:25:6:25:Infinity":6,"s:27:4:27:Infinity":7,"s:28:4:28:Infinity":8,"f:35:14:35:26":2,"b:36:4:38:Infinity:undefined:undefined:undefined:undefined":2,"s:36:4:38:Infinity":9,"s:37:6:37:Infinity":10,"s:39:4:39:Infinity":11,"s:40:4:40:Infinity":12,"f:49:14:49:21":3,"b:50:4:52:Infinity:undefined:undefined:undefined:undefined":3,"s:50:4:52:Infinity":13,"s:51:6:51:Infinity":14,"s:53:4:53:Infinity":15,"s:54:4:54:Infinity":16,"f:65:14:65:21":4,"b:66:4:68:Infinity:undefined:undefined:undefined:undefined":4,"s:66:4:68:Infinity":17,"s:67:6:67:Infinity":18,"s:69:4:69:Infinity":19,"s:70:4:70:Infinity":20,"f:78:18:78:19":5,"b:79:4:82:Infinity:undefined:undefined:undefined:undefined":5,"s:79:4:82:Infinity":21,"s:80:24:80:Infinity":22,"s:81:6:81:Infinity":23,"s:83:4:83:Infinity":24,"s:85:4:85:Infinity":25,"f:92:19:92:26":6,"b:93:4:95:Infinity:undefined:undefined:undefined:undefined":6,"s:93:4:95:Infinity":26,"s:94:6:94:Infinity":27,"s:96:4:96:Infinity":28,"s:97:4:97:Infinity":29,"f:103:21:103:33":7,"b:104:4:106:Infinity:undefined:undefined:undefined:undefined":7,"s:104:4:106:Infinity":30,"s:105:6:105:Infinity":31,"s:107:4:107:Infinity":32,"s:108:4:108:Infinity":33,"f:115:18:115:25":8,"b:116:4:118:Infinity:undefined:undefined:undefined:undefined":8,"s:116:4:118:Infinity":34,"s:117:6:117:Infinity":35,"s:119:4:119:Infinity":36,"s:120:4:120:Infinity":37,"f:127:21:127:28":9,"b:128:4:130:Infinity:undefined:undefined:undefined:undefined":9,"s:128:4:130:Infinity":38,"s:129:6:129:Infinity":39,"s:131:4:131:Infinity":40,"s:132:4:132:Infinity":41,"f:139:18:139:25":10,"b:140:4:142:Infinity:undefined:undefined:undefined:undefined":10,"s:140:4:142:Infinity":42,"s:141:6:141:Infinity":43,"s:143:4:143:Infinity":44,"s:144:4:144:Infinity":45,"f:151:21:151:28":11,"b:152:4:154:Infinity:undefined:undefined:undefined:undefined":11,"s:152:4:154:Infinity":46,"s:153:6:153:Infinity":47,"s:155:4:155:Infinity":48,"s:156:4:161:Infinity":49,"f:167:22:167:34":12,"b:168:4:170:Infinity:undefined:undefined:undefined:undefined":12,"s:168:4:170:Infinity":50,"s:169:6:169:Infinity":51,"s:171:4:171:Infinity":52,"s:172:4:172:Infinity":53,"f:179:21:179:28":13,"b:180:4:182:Infinity:undefined:undefined:undefined:undefined":13,"s:180:4:182:Infinity":54,"s:181:6:181:Infinity":55,"s:183:4:183:Infinity":56,"s:184:4:184:Infinity":57,"f:190:24:190:36":14,"b:191:4:193:Infinity:undefined:undefined:undefined:undefined":14,"s:191:4:193:Infinity":58,"s:192:6:192:Infinity":59,"s:194:4:194:Infinity":60,"s:195:4:195:Infinity":61,"f:201:13:201:25":15,"b:202:4:204:Infinity:undefined:undefined:undefined:undefined":15,"s:202:4:204:Infinity":62,"s:203:6:203:Infinity":63,"s:205:4:205:Infinity":64,"s:206:4:206:Infinity":65,"f:212:17:212:29":16,"b:213:4:215:Infinity:undefined:undefined:undefined:undefined":16,"s:213:4:215:Infinity":66,"s:214:6:214:Infinity":67,"s:216:4:216:Infinity":68,"s:217:4:217:Infinity":69,"f:224:15:224:22":17,"b:225:4:227:Infinity:undefined:undefined:undefined:undefined":17,"s:225:4:227:Infinity":70,"s:226:6:226:Infinity":71,"s:228:4:228:Infinity":72,"s:229:4:229:Infinity":73,"f:236:16:236:23":18,"b:237:4:239:Infinity:undefined:undefined:undefined:undefined":18,"s:237:4:239:Infinity":74,"s:238:6:238:Infinity":75,"s:240:4:240:Infinity":76,"s:241:4:241:Infinity":77,"f:249:15:249:22":19,"b:250:4:252:Infinity:undefined:undefined:undefined:undefined":19,"s:250:4:252:Infinity":78,"s:251:6:251:Infinity":79,"s:253:4:253:Infinity":80,"s:254:4:254:Infinity":81,"f:261:28:261:35":20,"b:262:4:264:Infinity:undefined:undefined:undefined:undefined":20,"s:262:4:264:Infinity":82,"s:263:6:263:Infinity":83,"s:265:4:265:Infinity":84,"s:266:4:266:Infinity":85,"f:274:28:274:35":21,"b:275:4:277:Infinity:undefined:undefined:undefined:undefined":21,"s:275:4:277:Infinity":86,"s:276:6:276:Infinity":87,"s:278:4:278:Infinity":88,"s:279:4:279:Infinity":89,"f:287:29:287:36":22,"b:288:4:290:Infinity:undefined:undefined:undefined:undefined":22,"s:288:4:290:Infinity":90,"s:289:6:289:Infinity":91,"s:291:4:291:Infinity":92,"s:292:4:292:Infinity":93,"f:300:16:300:23":23,"b:301:4:303:Infinity:undefined:undefined:undefined:undefined":23,"s:301:4:303:Infinity":94,"s:302:6:302:Infinity":95,"s:304:4:304:Infinity":96,"s:305:4:305:Infinity":97,"f:313:21:313:28":24,"b:314:4:316:Infinity:undefined:undefined:undefined:undefined":24,"s:314:4:316:Infinity":98,"s:315:6:315:Infinity":99,"s:317:4:317:Infinity":100,"s:318:4:318:Infinity":101,"f:325:23:325:30":25,"b:326:4:328:Infinity:undefined:undefined:undefined:undefined":25,"s:326:4:328:Infinity":102,"s:327:6:327:Infinity":103,"s:329:4:329:Infinity":104,"s:330:4:330:Infinity":105,"f:338:20:338:27":26,"b:339:4:341:Infinity:undefined:undefined:undefined:undefined":26,"s:339:4:341:Infinity":106,"s:340:6:340:Infinity":107,"s:342:4:342:Infinity":108,"s:343:4:343:Infinity":109,"f:351:18:351:19":27,"b:352:4:354:Infinity:undefined:undefined:undefined:undefined":27,"s:352:4:354:Infinity":110,"s:353:6:353:Infinity":111,"s:355:4:355:Infinity":112,"s:356:4:356:Infinity":113,"f:364:23:364:24":28,"b:365:4:367:Infinity:undefined:undefined:undefined:undefined":28,"s:365:4:367:Infinity":114,"s:366:6:366:Infinity":115,"s:368:4:368:Infinity":116,"s:369:4:369:Infinity":117,"f:377:24:377:25":29,"b:378:4:380:Infinity:undefined:undefined:undefined:undefined":29,"s:378:4:380:Infinity":118,"s:379:6:379:Infinity":119,"s:381:4:381:Infinity":120,"s:382:4:382:Infinity":121,"f:390:20:390:21":30,"b:391:4:393:Infinity:undefined:undefined:undefined:undefined":30,"s:391:4:393:Infinity":122,"s:392:6:392:Infinity":123,"s:394:4:394:Infinity":124,"s:395:4:395:Infinity":125,"f:402:17:402:24":31,"b:403:4:405:Infinity:undefined:undefined:undefined:undefined":31,"s:403:4:405:Infinity":126,"s:404:6:404:Infinity":127,"s:406:4:406:Infinity":128,"s:407:4:407:Infinity":129,"f:413:20:413:32":32,"b:414:4:416:Infinity:undefined:undefined:undefined:undefined":32,"s:414:4:416:Infinity":130,"s:415:6:415:Infinity":131,"s:417:4:417:Infinity":132,"s:418:4:418:Infinity":133,"f:424:15:424:27":33,"b:425:4:427:Infinity:undefined:undefined:undefined:undefined":33,"s:425:4:427:Infinity":134,"s:426:6:426:Infinity":135,"s:428:4:428:Infinity":136,"s:429:4:429:Infinity":137,"f:435:23:435:35":34,"b:436:4:438:Infinity:undefined:undefined:undefined:undefined":34,"s:436:4:438:Infinity":138,"s:437:6:437:Infinity":139,"s:439:4:439:Infinity":140,"s:440:4:440:Infinity":141,"f:450:14:450:15":35,"b:451:4:454:Infinity:undefined:undefined:undefined:undefined":35,"s:451:4:454:Infinity":142,"s:452:24:452:Infinity":143,"s:453:6:453:Infinity":144,"s:455:4:455:Infinity":145,"s:456:4:456:Infinity":146,"f:462:11:462:18":36,"b:463:4:465:Infinity:undefined:undefined:undefined:undefined":36,"s:463:4:465:Infinity":147,"s:464:6:464:Infinity":148,"s:466:4:466:Infinity":149,"s:467:4:467:Infinity":150,"f:473:13:473:25":37,"b:474:4:476:Infinity:undefined:undefined:undefined:undefined":37,"s:474:4:476:Infinity":151,"s:475:6:475:Infinity":152,"s:477:4:477:Infinity":153,"s:478:4:478:Infinity":154,"f:484:14:484:21":38,"b:484:47:484:58":38,"b:485:4:487:Infinity:undefined:undefined:undefined:undefined":39,"s:485:4:487:Infinity":155,"s:486:6:486:Infinity":156,"s:488:4:488:Infinity":157,"s:489:4:489:Infinity":158,"f:497:24:497:25":39,"b:502:4:506:Infinity:504:11:506:Infinity":40,"s:502:4:506:Infinity":159,"s:503:6:503:Infinity":160,"s:505:6:505:Infinity":161,"f:512:26:512:38":40,"b:513:4:515:Infinity:undefined:undefined:undefined:undefined":41,"s:513:4:515:Infinity":162,"s:514:6:514:Infinity":163,"s:516:4:516:Infinity":164,"s:517:4:522:Infinity":165,"f:528:29:528:36":41,"b:534:4:536:Infinity:undefined:undefined:undefined:undefined":42,"s:534:4:536:Infinity":166,"s:535:6:535:Infinity":167,"s:537:4:537:Infinity":168,"s:538:4:538:Infinity":169,"f:544:26:544:38":42,"b:545:4:547:Infinity:undefined:undefined:undefined:undefined":43,"s:545:4:547:Infinity":170,"s:546:6:546:Infinity":171,"s:548:4:548:Infinity":172,"s:549:4:549:Infinity":173,"f:557:21:557:22":43,"b:564:4:567:Infinity:undefined:undefined:undefined:undefined":44,"s:564:4:567:Infinity":174,"s:565:24:565:Infinity":175,"s:566:6:566:Infinity":176,"s:568:4:568:Infinity":177,"s:569:4:569:Infinity":178,"f:576:18:576:19":44,"b:577:4:579:Infinity:undefined:undefined:undefined:undefined":45,"s:577:4:579:Infinity":179,"s:578:6:578:Infinity":180,"f:587:18:587:30":45,"b:588:4:590:Infinity:undefined:undefined:undefined:undefined":46,"s:588:4:590:Infinity":181,"s:589:6:589:Infinity":182,"s:591:4:591:Infinity":183,"s:592:4:592:Infinity":184,"f:598:17:598:24":46,"b:599:4:601:Infinity:undefined:undefined:undefined:undefined":47,"s:599:4:601:Infinity":185,"s:600:6:600:Infinity":186,"s:602:4:602:Infinity":187,"s:603:4:603:Infinity":188,"f:609:20:609:27":47,"b:610:4:612:Infinity:undefined:undefined:undefined:undefined":48,"s:610:4:612:Infinity":189,"s:611:6:611:Infinity":190,"s:613:4:613:Infinity":191,"s:614:4:614:Infinity":192,"f:622:19:622:26":48,"b:623:4:625:Infinity:undefined:undefined:undefined:undefined":49,"s:623:4:625:Infinity":193,"s:624:6:624:Infinity":194,"s:626:4:626:Infinity":195,"s:627:4:627:Infinity":196,"f:633:19:633:26":49,"b:634:4:636:Infinity:undefined:undefined:undefined:undefined":50,"s:634:4:636:Infinity":197,"s:635:6:635:Infinity":198,"s:637:4:637:Infinity":199,"s:638:4:638:Infinity":200,"f:646:16:646:23":50,"b:647:4:649:Infinity:undefined:undefined:undefined:undefined":51,"s:647:4:649:Infinity":201,"s:648:6:648:Infinity":202,"s:650:4:650:Infinity":203,"s:651:4:651:Infinity":204,"b:657:45:657:90:657:90:657:Infinity":52,"b:657:45:657:77:657:77:657:90":53}}}
}
